[0.034s] Invoking command in '/home/hmt/shortest_path_weighted/src/shortest_path_viz/build/shortest_path_viz': CMAKE_PREFIX_PATH=/home/hmt/shortest_path_weighted/src/shortest_path_viz/install/shortest_path_viz:/home/hmt/ros2_ws/install/distance_warning:/opt/ros/humble:/home/hmt/ros2_ws/install/distance_warning_interfaces /usr/bin/cmake --build /home/hmt/shortest_path_weighted/src/shortest_path_viz/build/shortest_path_viz -- -j8 -l8
[0.120s] [35m[1mConsolidate compiler generated dependencies of target shortest_path_visualizer[0m
[0.149s] [ 33%] [32mBuilding CXX object CMakeFiles/shortest_path_visualizer.dir/src/shortest_path_visualizer.cpp.o[0m
[11.082s] [ 66%] [32m[1mLinking CXX executable shortest_path_visualizer[0m
[11.840s] [100%] Built target shortest_path_visualizer
[11.887s] Invoked command in '/home/hmt/shortest_path_weighted/src/shortest_path_viz/build/shortest_path_viz' returned '0': CMAKE_PREFIX_PATH=/home/hmt/shortest_path_weighted/src/shortest_path_viz/install/shortest_path_viz:/home/hmt/ros2_ws/install/distance_warning:/opt/ros/humble:/home/hmt/ros2_ws/install/distance_warning_interfaces /usr/bin/cmake --build /home/hmt/shortest_path_weighted/src/shortest_path_viz/build/shortest_path_viz -- -j8 -l8
[11.909s] Invoking command in '/home/hmt/shortest_path_weighted/src/shortest_path_viz/build/shortest_path_viz': CMAKE_PREFIX_PATH=/home/hmt/shortest_path_weighted/src/shortest_path_viz/install/shortest_path_viz:/home/hmt/ros2_ws/install/distance_warning:/opt/ros/humble:/home/hmt/ros2_ws/install/distance_warning_interfaces /usr/bin/cmake --install /home/hmt/shortest_path_weighted/src/shortest_path_viz/build/shortest_path_viz
[11.924s] -- Install configuration: ""
[11.925s] -- Installing: /home/hmt/shortest_path_weighted/src/shortest_path_viz/install/shortest_path_viz/lib/shortest_path_viz/shortest_path_visualizer
[11.929s] -- Set runtime path of "/home/hmt/shortest_path_weighted/src/shortest_path_viz/install/shortest_path_viz/lib/shortest_path_viz/shortest_path_visualizer" to ""
[11.929s] -- Up-to-date: /home/hmt/shortest_path_weighted/src/shortest_path_viz/install/shortest_path_viz/share/shortest_path_viz//launch
[11.930s] -- Installing: /home/hmt/shortest_path_weighted/src/shortest_path_viz/install/shortest_path_viz/share/shortest_path_viz//launch/__pycache__
[11.930s] -- Installing: /home/hmt/shortest_path_weighted/src/shortest_path_viz/install/shortest_path_viz/share/shortest_path_viz//launch/__pycache__/visualize.launch.cpython-310.pyc
[11.932s] -- Up-to-date: /home/hmt/shortest_path_weighted/src/shortest_path_viz/install/shortest_path_viz/share/shortest_path_viz//launch/visualize.launch.py
[11.932s] -- Up-to-date: /home/hmt/shortest_path_weighted/src/shortest_path_viz/install/shortest_path_viz/share/shortest_path_viz//rviz
[11.933s] -- Up-to-date: /home/hmt/shortest_path_weighted/src/shortest_path_viz/install/shortest_path_viz/share/shortest_path_viz//rviz/shortest_path_viz.rviz
[11.933s] -- Up-to-date: /home/hmt/shortest_path_weighted/src/shortest_path_viz/install/shortest_path_viz/share/shortest_path_viz/models/
[11.934s] -- Up-to-date: /home/hmt/shortest_path_weighted/src/shortest_path_viz/install/shortest_path_viz/share/shortest_path_viz/models//asymmetric_complex.off
[11.935s] -- Up-to-date: /home/hmt/shortest_path_weighted/src/shortest_path_viz/install/shortest_path_viz/share/shortest_path_viz/models//pyramid.off
[11.936s] -- Up-to-date: /home/hmt/shortest_path_weighted/src/shortest_path_viz/install/shortest_path_viz/share/shortest_path_viz/models//torus.off
[11.937s] -- Up-to-date: /home/hmt/shortest_path_weighted/src/shortest_path_viz/install/shortest_path_viz/share/shortest_path_viz/models//extreme_asymmetric.off
[11.937s] -- Up-to-date: /home/hmt/shortest_path_weighted/src/shortest_path_viz/install/shortest_path_viz/share/shortest_path_viz/models//irregular_mesh.off
[11.937s] -- Up-to-date: /home/hmt/shortest_path_weighted/src/shortest_path_viz/install/shortest_path_viz/share/shortest_path_viz/models//cube.off
[11.937s] -- Up-to-date: /home/hmt/shortest_path_weighted/src/shortest_path_viz/install/shortest_path_viz/share/shortest_path_viz/models//icosahedron.off
[11.937s] -- Up-to-date: /home/hmt/shortest_path_weighted/src/shortest_path_viz/install/shortest_path_viz/share/ament_index/resource_index/package_run_dependencies/shortest_path_viz
[11.937s] -- Up-to-date: /home/hmt/shortest_path_weighted/src/shortest_path_viz/install/shortest_path_viz/share/ament_index/resource_index/parent_prefix_path/shortest_path_viz
[11.937s] -- Up-to-date: /home/hmt/shortest_path_weighted/src/shortest_path_viz/install/shortest_path_viz/share/shortest_path_viz/environment/ament_prefix_path.sh
[11.937s] -- Up-to-date: /home/hmt/shortest_path_weighted/src/shortest_path_viz/install/shortest_path_viz/share/shortest_path_viz/environment/ament_prefix_path.dsv
[11.937s] -- Up-to-date: /home/hmt/shortest_path_weighted/src/shortest_path_viz/install/shortest_path_viz/share/shortest_path_viz/environment/path.sh
[11.938s] -- Up-to-date: /home/hmt/shortest_path_weighted/src/shortest_path_viz/install/shortest_path_viz/share/shortest_path_viz/environment/path.dsv
[11.938s] -- Up-to-date: /home/hmt/shortest_path_weighted/src/shortest_path_viz/install/shortest_path_viz/share/shortest_path_viz/local_setup.bash
[11.938s] -- Up-to-date: /home/hmt/shortest_path_weighted/src/shortest_path_viz/install/shortest_path_viz/share/shortest_path_viz/local_setup.sh
[11.939s] -- Up-to-date: /home/hmt/shortest_path_weighted/src/shortest_path_viz/install/shortest_path_viz/share/shortest_path_viz/local_setup.zsh
[11.944s] -- Up-to-date: /home/hmt/shortest_path_weighted/src/shortest_path_viz/install/shortest_path_viz/share/shortest_path_viz/local_setup.dsv
[11.947s] -- Installing: /home/hmt/shortest_path_weighted/src/shortest_path_viz/install/shortest_path_viz/share/shortest_path_viz/package.dsv
[11.948s] -- Up-to-date: /home/hmt/shortest_path_weighted/src/shortest_path_viz/install/shortest_path_viz/share/ament_index/resource_index/packages/shortest_path_viz
[11.950s] -- Up-to-date: /home/hmt/shortest_path_weighted/src/shortest_path_viz/install/shortest_path_viz/share/shortest_path_viz/cmake/shortest_path_vizConfig.cmake
[11.952s] -- Up-to-date: /home/hmt/shortest_path_weighted/src/shortest_path_viz/install/shortest_path_viz/share/shortest_path_viz/cmake/shortest_path_vizConfig-version.cmake
[11.953s] -- Up-to-date: /home/hmt/shortest_path_weighted/src/shortest_path_viz/install/shortest_path_viz/share/shortest_path_viz/package.xml
[11.953s] Invoked command in '/home/hmt/shortest_path_weighted/src/shortest_path_viz/build/shortest_path_viz' returned '0': CMAKE_PREFIX_PATH=/home/hmt/shortest_path_weighted/src/shortest_path_viz/install/shortest_path_viz:/home/hmt/ros2_ws/install/distance_warning:/opt/ros/humble:/home/hmt/ros2_ws/install/distance_warning_interfaces /usr/bin/cmake --install /home/hmt/shortest_path_weighted/src/shortest_path_viz/build/shortest_path_viz
