[0.218s] DEBUG:colcon:Command line arguments: ['/usr/bin/colcon', 'build', '--packages-select', 'shortest_path_viz']
[0.219s] DEBUG:colcon:Parsed command line arguments: Namespace(log_base=None, log_level=None, verb_name='build', build_base='build', install_base='install', merge_install=False, symlink_install=False, test_result_base=None, continue_on_error=False, executor='parallel', parallel_workers=8, event_handlers=None, ignore_user_meta=False, metas=['./colcon.meta'], base_paths=['.'], packages_ignore=None, packages_ignore_regex=None, paths=None, packages_up_to=None, packages_up_to_regex=None, packages_above=None, packages_above_and_dependencies=None, packages_above_depth=None, packages_select_by_dep=None, packages_skip_by_dep=None, packages_skip_up_to=None, packages_select_build_failed=False, packages_skip_build_finished=False, packages_select_test_failures=False, packages_skip_test_passed=False, packages_select=['shortest_path_viz'], packages_skip=None, packages_select_regex=None, packages_skip_regex=None, packages_start=None, packages_end=None, allow_overriding=[], cmake_args=None, cmake_target=None, cmake_target_skip_unavailable=False, cmake_clean_cache=False, cmake_clean_first=False, cmake_force_configure=False, ament_cmake_args=None, catkin_cmake_args=None, catkin_skip_building_tests=False, mixin_files=None, mixin=None, verb_parser=<colcon_mixin.mixin.mixin_argument.MixinArgumentDecorator object at 0x7e3b5b7dc6d0>, verb_extension=<colcon_core.verb.build.BuildVerb object at 0x7e3b5b8d9570>, main=<bound method BuildVerb.main of <colcon_core.verb.build.BuildVerb object at 0x7e3b5b8d9570>>, mixin_verb=('build',))
[0.369s] Level 1:colcon.colcon_core.package_discovery:discover_packages(colcon_meta) check parameters
[0.369s] Level 1:colcon.colcon_core.package_discovery:discover_packages(recursive) check parameters
[0.369s] Level 1:colcon.colcon_core.package_discovery:discover_packages(ignore) check parameters
[0.370s] Level 1:colcon.colcon_core.package_discovery:discover_packages(path) check parameters
[0.370s] Level 1:colcon.colcon_core.package_discovery:discover_packages(colcon_meta) discover
[0.370s] Level 1:colcon.colcon_core.package_discovery:discover_packages(recursive) discover
[0.370s] INFO:colcon.colcon_core.package_discovery:Crawling recursively for packages in '/home/hmt/shortest_path_weighted'
[0.370s] Level 1:colcon.colcon_core.package_identification:_identify(.) by extensions ['ignore', 'ignore_ament_install']
[0.370s] Level 1:colcon.colcon_core.package_identification:_identify(.) by extension 'ignore'
[0.370s] Level 1:colcon.colcon_core.package_identification:_identify(.) by extension 'ignore_ament_install'
[0.370s] Level 1:colcon.colcon_core.package_identification:_identify(.) by extensions ['colcon_pkg']
[0.370s] Level 1:colcon.colcon_core.package_identification:_identify(.) by extension 'colcon_pkg'
[0.370s] Level 1:colcon.colcon_core.package_identification:_identify(.) by extensions ['colcon_meta']
[0.370s] Level 1:colcon.colcon_core.package_identification:_identify(.) by extension 'colcon_meta'
[0.370s] Level 1:colcon.colcon_core.package_identification:_identify(.) by extensions ['ros']
[0.370s] Level 1:colcon.colcon_core.package_identification:_identify(.) by extension 'ros'
[0.381s] Level 1:colcon.colcon_core.package_identification:_identify(.) by extensions ['cmake', 'python']
[0.381s] Level 1:colcon.colcon_core.package_identification:_identify(.) by extension 'cmake'
[0.382s] Level 1:colcon.colcon_core.package_identification:_identify(.) by extension 'python'
[0.382s] Level 1:colcon.colcon_core.package_identification:_identify(.) by extensions ['python_setup_py']
[0.382s] Level 1:colcon.colcon_core.package_identification:_identify(.) by extension 'python_setup_py'
[0.382s] Level 1:colcon.colcon_core.package_identification:_identify(Epsilon approximate shortest paths on weighted polyhedral surface_convertedToImages) by extensions ['ignore', 'ignore_ament_install']
[0.382s] Level 1:colcon.colcon_core.package_identification:_identify(Epsilon approximate shortest paths on weighted polyhedral surface_convertedToImages) by extension 'ignore'
[0.382s] Level 1:colcon.colcon_core.package_identification:_identify(Epsilon approximate shortest paths on weighted polyhedral surface_convertedToImages) by extension 'ignore_ament_install'
[0.382s] Level 1:colcon.colcon_core.package_identification:_identify(Epsilon approximate shortest paths on weighted polyhedral surface_convertedToImages) by extensions ['colcon_pkg']
[0.382s] Level 1:colcon.colcon_core.package_identification:_identify(Epsilon approximate shortest paths on weighted polyhedral surface_convertedToImages) by extension 'colcon_pkg'
[0.382s] Level 1:colcon.colcon_core.package_identification:_identify(Epsilon approximate shortest paths on weighted polyhedral surface_convertedToImages) by extensions ['colcon_meta']
[0.382s] Level 1:colcon.colcon_core.package_identification:_identify(Epsilon approximate shortest paths on weighted polyhedral surface_convertedToImages) by extension 'colcon_meta'
[0.382s] Level 1:colcon.colcon_core.package_identification:_identify(Epsilon approximate shortest paths on weighted polyhedral surface_convertedToImages) by extensions ['ros']
[0.382s] Level 1:colcon.colcon_core.package_identification:_identify(Epsilon approximate shortest paths on weighted polyhedral surface_convertedToImages) by extension 'ros'
[0.382s] Level 1:colcon.colcon_core.package_identification:_identify(Epsilon approximate shortest paths on weighted polyhedral surface_convertedToImages) by extensions ['cmake', 'python']
[0.382s] Level 1:colcon.colcon_core.package_identification:_identify(Epsilon approximate shortest paths on weighted polyhedral surface_convertedToImages) by extension 'cmake'
[0.382s] Level 1:colcon.colcon_core.package_identification:_identify(Epsilon approximate shortest paths on weighted polyhedral surface_convertedToImages) by extension 'python'
[0.382s] Level 1:colcon.colcon_core.package_identification:_identify(Epsilon approximate shortest paths on weighted polyhedral surface_convertedToImages) by extensions ['python_setup_py']
[0.382s] Level 1:colcon.colcon_core.package_identification:_identify(Epsilon approximate shortest paths on weighted polyhedral surface_convertedToImages) by extension 'python_setup_py'
[0.383s] Level 1:colcon.colcon_core.package_identification:_identify(build) by extensions ['ignore', 'ignore_ament_install']
[0.383s] Level 1:colcon.colcon_core.package_identification:_identify(build) by extension 'ignore'
[0.383s] Level 1:colcon.colcon_core.package_identification:_identify(build) ignored
[0.383s] Level 1:colcon.colcon_core.package_identification:_identify(install) by extensions ['ignore', 'ignore_ament_install']
[0.383s] Level 1:colcon.colcon_core.package_identification:_identify(install) by extension 'ignore'
[0.383s] Level 1:colcon.colcon_core.package_identification:_identify(install) ignored
[0.383s] Level 1:colcon.colcon_core.package_identification:_identify(log) by extensions ['ignore', 'ignore_ament_install']
[0.383s] Level 1:colcon.colcon_core.package_identification:_identify(log) by extension 'ignore'
[0.383s] Level 1:colcon.colcon_core.package_identification:_identify(log) ignored
[0.383s] Level 1:colcon.colcon_core.package_identification:_identify(models) by extensions ['ignore', 'ignore_ament_install']
[0.384s] Level 1:colcon.colcon_core.package_identification:_identify(models) by extension 'ignore'
[0.384s] Level 1:colcon.colcon_core.package_identification:_identify(models) by extension 'ignore_ament_install'
[0.384s] Level 1:colcon.colcon_core.package_identification:_identify(models) by extensions ['colcon_pkg']
[0.384s] Level 1:colcon.colcon_core.package_identification:_identify(models) by extension 'colcon_pkg'
[0.384s] Level 1:colcon.colcon_core.package_identification:_identify(models) by extensions ['colcon_meta']
[0.384s] Level 1:colcon.colcon_core.package_identification:_identify(models) by extension 'colcon_meta'
[0.384s] Level 1:colcon.colcon_core.package_identification:_identify(models) by extensions ['ros']
[0.384s] Level 1:colcon.colcon_core.package_identification:_identify(models) by extension 'ros'
[0.384s] Level 1:colcon.colcon_core.package_identification:_identify(models) by extensions ['cmake', 'python']
[0.384s] Level 1:colcon.colcon_core.package_identification:_identify(models) by extension 'cmake'
[0.384s] Level 1:colcon.colcon_core.package_identification:_identify(models) by extension 'python'
[0.384s] Level 1:colcon.colcon_core.package_identification:_identify(models) by extensions ['python_setup_py']
[0.384s] Level 1:colcon.colcon_core.package_identification:_identify(models) by extension 'python_setup_py'
[0.384s] Level 1:colcon.colcon_core.package_identification:_identify(src) by extensions ['ignore', 'ignore_ament_install']
[0.384s] Level 1:colcon.colcon_core.package_identification:_identify(src) by extension 'ignore'
[0.384s] Level 1:colcon.colcon_core.package_identification:_identify(src) by extension 'ignore_ament_install'
[0.384s] Level 1:colcon.colcon_core.package_identification:_identify(src) by extensions ['colcon_pkg']
[0.384s] Level 1:colcon.colcon_core.package_identification:_identify(src) by extension 'colcon_pkg'
[0.384s] Level 1:colcon.colcon_core.package_identification:_identify(src) by extensions ['colcon_meta']
[0.384s] Level 1:colcon.colcon_core.package_identification:_identify(src) by extension 'colcon_meta'
[0.384s] Level 1:colcon.colcon_core.package_identification:_identify(src) by extensions ['ros']
[0.385s] Level 1:colcon.colcon_core.package_identification:_identify(src) by extension 'ros'
[0.385s] Level 1:colcon.colcon_core.package_identification:_identify(src) by extensions ['cmake', 'python']
[0.385s] Level 1:colcon.colcon_core.package_identification:_identify(src) by extension 'cmake'
[0.385s] Level 1:colcon.colcon_core.package_identification:_identify(src) by extension 'python'
[0.385s] Level 1:colcon.colcon_core.package_identification:_identify(src) by extensions ['python_setup_py']
[0.385s] Level 1:colcon.colcon_core.package_identification:_identify(src) by extension 'python_setup_py'
[0.385s] Level 1:colcon.colcon_core.package_identification:_identify(src/shortest_path_viz) by extensions ['ignore', 'ignore_ament_install']
[0.385s] Level 1:colcon.colcon_core.package_identification:_identify(src/shortest_path_viz) by extension 'ignore'
[0.385s] Level 1:colcon.colcon_core.package_identification:_identify(src/shortest_path_viz) by extension 'ignore_ament_install'
[0.385s] Level 1:colcon.colcon_core.package_identification:_identify(src/shortest_path_viz) by extensions ['colcon_pkg']
[0.385s] Level 1:colcon.colcon_core.package_identification:_identify(src/shortest_path_viz) by extension 'colcon_pkg'
[0.385s] Level 1:colcon.colcon_core.package_identification:_identify(src/shortest_path_viz) by extensions ['colcon_meta']
[0.385s] Level 1:colcon.colcon_core.package_identification:_identify(src/shortest_path_viz) by extension 'colcon_meta'
[0.385s] Level 1:colcon.colcon_core.package_identification:_identify(src/shortest_path_viz) by extensions ['ros']
[0.385s] Level 1:colcon.colcon_core.package_identification:_identify(src/shortest_path_viz) by extension 'ros'
[0.389s] DEBUG:colcon.colcon_core.package_identification:Package 'src/shortest_path_viz' with type 'ros.ament_cmake' and name 'shortest_path_viz'
[0.389s] Level 1:colcon.colcon_core.package_discovery:discover_packages(recursive) using defaults
[0.389s] Level 1:colcon.colcon_core.package_discovery:discover_packages(ignore) discover
[0.389s] Level 1:colcon.colcon_core.package_discovery:discover_packages(ignore) using defaults
[0.389s] Level 1:colcon.colcon_core.package_discovery:discover_packages(path) discover
[0.389s] Level 1:colcon.colcon_core.package_discovery:discover_packages(path) using defaults
[0.415s] Level 1:colcon.colcon_core.package_discovery:discover_packages(prefix_path) check parameters
[0.415s] Level 1:colcon.colcon_core.package_discovery:discover_packages(prefix_path) discover
[0.416s] DEBUG:colcon.colcon_installed_package_information.package_discovery:Found 2 installed packages in /home/hmt/ros2_ws/install
[0.418s] DEBUG:colcon.colcon_installed_package_information.package_discovery:Found 276 installed packages in /opt/ros/humble
[0.430s] Level 1:colcon.colcon_core.package_discovery:discover_packages(prefix_path) using defaults
[0.460s] Level 5:colcon.colcon_core.verb:set package 'shortest_path_viz' build argument 'cmake_args' from command line to 'None'
[0.460s] Level 5:colcon.colcon_core.verb:set package 'shortest_path_viz' build argument 'cmake_target' from command line to 'None'
[0.460s] Level 5:colcon.colcon_core.verb:set package 'shortest_path_viz' build argument 'cmake_target_skip_unavailable' from command line to 'False'
[0.460s] Level 5:colcon.colcon_core.verb:set package 'shortest_path_viz' build argument 'cmake_clean_cache' from command line to 'False'
[0.460s] Level 5:colcon.colcon_core.verb:set package 'shortest_path_viz' build argument 'cmake_clean_first' from command line to 'False'
[0.460s] Level 5:colcon.colcon_core.verb:set package 'shortest_path_viz' build argument 'cmake_force_configure' from command line to 'False'
[0.460s] Level 5:colcon.colcon_core.verb:set package 'shortest_path_viz' build argument 'ament_cmake_args' from command line to 'None'
[0.460s] Level 5:colcon.colcon_core.verb:set package 'shortest_path_viz' build argument 'catkin_cmake_args' from command line to 'None'
[0.460s] Level 5:colcon.colcon_core.verb:set package 'shortest_path_viz' build argument 'catkin_skip_building_tests' from command line to 'False'
[0.460s] DEBUG:colcon.colcon_core.verb:Building package 'shortest_path_viz' with the following arguments: {'ament_cmake_args': None, 'build_base': '/home/hmt/shortest_path_weighted/build/shortest_path_viz', 'catkin_cmake_args': None, 'catkin_skip_building_tests': False, 'cmake_args': None, 'cmake_clean_cache': False, 'cmake_clean_first': False, 'cmake_force_configure': False, 'cmake_target': None, 'cmake_target_skip_unavailable': False, 'install_base': '/home/hmt/shortest_path_weighted/install/shortest_path_viz', 'merge_install': False, 'path': '/home/hmt/shortest_path_weighted/src/shortest_path_viz', 'symlink_install': False, 'test_result_base': None}
[0.461s] INFO:colcon.colcon_core.executor:Executing jobs using 'parallel' executor
[0.462s] DEBUG:colcon.colcon_parallel_executor.executor.parallel:run_until_complete
[0.463s] INFO:colcon.colcon_ros.task.ament_cmake.build:Building ROS package in '/home/hmt/shortest_path_weighted/src/shortest_path_viz' with build type 'ament_cmake'
[0.463s] INFO:colcon.colcon_cmake.task.cmake.build:Building CMake package in '/home/hmt/shortest_path_weighted/src/shortest_path_viz'
[0.466s] INFO:colcon.colcon_core.plugin_system:Skipping extension 'colcon_core.shell.bat': Not used on non-Windows systems
[0.466s] INFO:colcon.colcon_core.shell:Skip shell extension 'powershell' for command environment: Not usable outside of PowerShell
[0.466s] DEBUG:colcon.colcon_core.shell:Skip shell extension 'dsv' for command environment
[0.487s] DEBUG:colcon.colcon_core.event_handler.log_command:Invoking command in '/home/hmt/shortest_path_weighted/build/shortest_path_viz': CMAKE_PREFIX_PATH=/home/hmt/ros2_ws/install/distance_warning:/opt/ros/humble:${CMAKE_PREFIX_PATH} /usr/bin/cmake --build /home/hmt/shortest_path_weighted/build/shortest_path_viz -- -j8 -l8
[0.565s] DEBUG:colcon.colcon_core.event_handler.log_command:Invoked command in '/home/hmt/shortest_path_weighted/build/shortest_path_viz' returned '0': CMAKE_PREFIX_PATH=/home/hmt/ros2_ws/install/distance_warning:/opt/ros/humble:${CMAKE_PREFIX_PATH} /usr/bin/cmake --build /home/hmt/shortest_path_weighted/build/shortest_path_viz -- -j8 -l8
[0.582s] DEBUG:colcon.colcon_core.event_handler.log_command:Invoking command in '/home/hmt/shortest_path_weighted/build/shortest_path_viz': CMAKE_PREFIX_PATH=/home/hmt/ros2_ws/install/distance_warning:/opt/ros/humble:${CMAKE_PREFIX_PATH} /usr/bin/cmake --install /home/hmt/shortest_path_weighted/build/shortest_path_viz
[0.597s] Level 1:colcon.colcon_core.environment:create_environment_scripts_only(shortest_path_viz)
[0.597s] DEBUG:colcon.colcon_core.event_handler.log_command:Invoked command in '/home/hmt/shortest_path_weighted/build/shortest_path_viz' returned '0': CMAKE_PREFIX_PATH=/home/hmt/ros2_ws/install/distance_warning:/opt/ros/humble:${CMAKE_PREFIX_PATH} /usr/bin/cmake --install /home/hmt/shortest_path_weighted/build/shortest_path_viz
[0.600s] Level 1:colcon.colcon_core.environment:checking '/home/hmt/shortest_path_weighted/install/shortest_path_viz' for CMake module files
[0.601s] Level 1:colcon.colcon_core.environment:checking '/home/hmt/shortest_path_weighted/install/shortest_path_viz' for CMake config files
[0.601s] Level 1:colcon.colcon_core.shell:create_environment_hook('shortest_path_viz', 'cmake_prefix_path')
[0.602s] INFO:colcon.colcon_core.shell:Creating environment hook '/home/hmt/shortest_path_weighted/install/shortest_path_viz/share/shortest_path_viz/hook/cmake_prefix_path.ps1'
[0.604s] INFO:colcon.colcon_core.shell:Creating environment descriptor '/home/hmt/shortest_path_weighted/install/shortest_path_viz/share/shortest_path_viz/hook/cmake_prefix_path.dsv'
[0.605s] INFO:colcon.colcon_core.shell:Creating environment hook '/home/hmt/shortest_path_weighted/install/shortest_path_viz/share/shortest_path_viz/hook/cmake_prefix_path.sh'
[0.608s] Level 1:colcon.colcon_core.environment:checking '/home/hmt/shortest_path_weighted/install/shortest_path_viz/lib'
[0.608s] Level 1:colcon.colcon_core.environment:checking '/home/hmt/shortest_path_weighted/install/shortest_path_viz/bin'
[0.609s] Level 1:colcon.colcon_core.environment:checking '/home/hmt/shortest_path_weighted/install/shortest_path_viz/lib/pkgconfig/shortest_path_viz.pc'
[0.609s] Level 1:colcon.colcon_core.environment:checking '/home/hmt/shortest_path_weighted/install/shortest_path_viz/lib/python3.10/site-packages'
[0.610s] Level 1:colcon.colcon_core.environment:checking '/home/hmt/shortest_path_weighted/install/shortest_path_viz/bin'
[0.611s] INFO:colcon.colcon_core.shell:Creating package script '/home/hmt/shortest_path_weighted/install/shortest_path_viz/share/shortest_path_viz/package.ps1'
[0.613s] INFO:colcon.colcon_core.shell:Creating package descriptor '/home/hmt/shortest_path_weighted/install/shortest_path_viz/share/shortest_path_viz/package.dsv'
[0.613s] INFO:colcon.colcon_core.shell:Creating package script '/home/hmt/shortest_path_weighted/install/shortest_path_viz/share/shortest_path_viz/package.sh'
[0.614s] INFO:colcon.colcon_core.shell:Creating package script '/home/hmt/shortest_path_weighted/install/shortest_path_viz/share/shortest_path_viz/package.bash'
[0.615s] INFO:colcon.colcon_core.shell:Creating package script '/home/hmt/shortest_path_weighted/install/shortest_path_viz/share/shortest_path_viz/package.zsh'
[0.616s] Level 1:colcon.colcon_core.environment:create_file_with_runtime_dependencies(/home/hmt/shortest_path_weighted/install/shortest_path_viz/share/colcon-core/packages/shortest_path_viz)
[0.616s] Level 1:colcon.colcon_core.environment:create_environment_scripts_only(shortest_path_viz)
[0.617s] Level 1:colcon.colcon_core.environment:checking '/home/hmt/shortest_path_weighted/install/shortest_path_viz' for CMake module files
[0.617s] Level 1:colcon.colcon_core.environment:checking '/home/hmt/shortest_path_weighted/install/shortest_path_viz' for CMake config files
[0.618s] Level 1:colcon.colcon_core.shell:create_environment_hook('shortest_path_viz', 'cmake_prefix_path')
[0.618s] INFO:colcon.colcon_core.shell:Creating environment hook '/home/hmt/shortest_path_weighted/install/shortest_path_viz/share/shortest_path_viz/hook/cmake_prefix_path.ps1'
[0.619s] INFO:colcon.colcon_core.shell:Creating environment descriptor '/home/hmt/shortest_path_weighted/install/shortest_path_viz/share/shortest_path_viz/hook/cmake_prefix_path.dsv'
[0.620s] INFO:colcon.colcon_core.shell:Creating environment hook '/home/hmt/shortest_path_weighted/install/shortest_path_viz/share/shortest_path_viz/hook/cmake_prefix_path.sh'
[0.622s] Level 1:colcon.colcon_core.environment:checking '/home/hmt/shortest_path_weighted/install/shortest_path_viz/lib'
[0.622s] Level 1:colcon.colcon_core.environment:checking '/home/hmt/shortest_path_weighted/install/shortest_path_viz/bin'
[0.622s] Level 1:colcon.colcon_core.environment:checking '/home/hmt/shortest_path_weighted/install/shortest_path_viz/lib/pkgconfig/shortest_path_viz.pc'
[0.623s] Level 1:colcon.colcon_core.environment:checking '/home/hmt/shortest_path_weighted/install/shortest_path_viz/lib/python3.10/site-packages'
[0.624s] Level 1:colcon.colcon_core.environment:checking '/home/hmt/shortest_path_weighted/install/shortest_path_viz/bin'
[0.625s] INFO:colcon.colcon_core.shell:Creating package script '/home/hmt/shortest_path_weighted/install/shortest_path_viz/share/shortest_path_viz/package.ps1'
[0.626s] INFO:colcon.colcon_core.shell:Creating package descriptor '/home/hmt/shortest_path_weighted/install/shortest_path_viz/share/shortest_path_viz/package.dsv'
[0.626s] INFO:colcon.colcon_core.shell:Creating package script '/home/hmt/shortest_path_weighted/install/shortest_path_viz/share/shortest_path_viz/package.sh'
[0.627s] INFO:colcon.colcon_core.shell:Creating package script '/home/hmt/shortest_path_weighted/install/shortest_path_viz/share/shortest_path_viz/package.bash'
[0.627s] INFO:colcon.colcon_core.shell:Creating package script '/home/hmt/shortest_path_weighted/install/shortest_path_viz/share/shortest_path_viz/package.zsh'
[0.628s] Level 1:colcon.colcon_core.environment:create_file_with_runtime_dependencies(/home/hmt/shortest_path_weighted/install/shortest_path_viz/share/colcon-core/packages/shortest_path_viz)
[0.628s] DEBUG:colcon.colcon_parallel_executor.executor.parallel:closing loop
[0.629s] DEBUG:colcon.colcon_parallel_executor.executor.parallel:loop closed
[0.630s] DEBUG:colcon.colcon_parallel_executor.executor.parallel:run_until_complete finished with '0'
[0.631s] DEBUG:colcon.colcon_core.event_reactor:joining thread
[0.681s] INFO:colcon.colcon_core.plugin_system:Skipping extension 'colcon_notification.desktop_notification.notify_send': Could not find 'notify-send'
[0.681s] INFO:colcon.colcon_core.plugin_system:Skipping extension 'colcon_notification.desktop_notification.terminal_notifier': Not used on non-Darwin systems
[0.681s] INFO:colcon.colcon_core.plugin_system:Skipping extension 'colcon_notification.desktop_notification.win32': Not used on non-Windows systems
[0.681s] INFO:colcon.colcon_notification.desktop_notification:Sending desktop notification using 'notify2'
[0.681s] DEBUG:colcon.colcon_notification.desktop_notification.notify2:Failed to initialize notify2: org.freedesktop.DBus.Error.FileNotFound: Failed to connect to socket /run/user/1000/bus: No such file or directory
[0.682s] DEBUG:colcon.colcon_core.event_reactor:joined thread
[0.682s] INFO:colcon.colcon_core.shell:Creating prefix script '/home/hmt/shortest_path_weighted/install/local_setup.ps1'
[0.683s] INFO:colcon.colcon_core.shell:Creating prefix util module '/home/hmt/shortest_path_weighted/install/_local_setup_util_ps1.py'
[0.684s] INFO:colcon.colcon_core.shell:Creating prefix chain script '/home/hmt/shortest_path_weighted/install/setup.ps1'
[0.686s] INFO:colcon.colcon_core.shell:Creating prefix script '/home/hmt/shortest_path_weighted/install/local_setup.sh'
[0.688s] INFO:colcon.colcon_core.shell:Creating prefix util module '/home/hmt/shortest_path_weighted/install/_local_setup_util_sh.py'
[0.689s] INFO:colcon.colcon_core.shell:Creating prefix chain script '/home/hmt/shortest_path_weighted/install/setup.sh'
[0.690s] INFO:colcon.colcon_core.shell:Creating prefix script '/home/hmt/shortest_path_weighted/install/local_setup.bash'
[0.690s] INFO:colcon.colcon_core.shell:Creating prefix chain script '/home/hmt/shortest_path_weighted/install/setup.bash'
[0.691s] INFO:colcon.colcon_core.shell:Creating prefix script '/home/hmt/shortest_path_weighted/install/local_setup.zsh'
[0.692s] INFO:colcon.colcon_core.shell:Creating prefix chain script '/home/hmt/shortest_path_weighted/install/setup.zsh'
