[0.028s] Invoking command in '/home/hmt/shortest_path_weighted/build/shortest_path_viz': CMAKE_PREFIX_PATH=/home/hmt/shortest_path_weighted/install/shortest_path_viz:/home/hmt/ros2_ws/install/distance_warning:/opt/ros/humble:/home/hmt/ros2_ws/install/distance_warning_interfaces /usr/bin/cmake --build /home/hmt/shortest_path_weighted/build/shortest_path_viz -- -j8 -l8
[0.082s] [35m[1mConsolidate compiler generated dependencies of target shortest_path_visualizer[0m
[0.103s] [ 33%] [32mBuilding CXX object CMakeFiles/shortest_path_visualizer.dir/src/shortest_path_visualizer.cpp.o[0m
[6.666s] [ 66%] [32m[1mLinking CXX executable shortest_path_visualizer[0m
[7.081s] [100%] Built target shortest_path_visualizer
[7.134s] Invoked command in '/home/hmt/shortest_path_weighted/build/shortest_path_viz' returned '0': CMAKE_PREFIX_PATH=/home/hmt/shortest_path_weighted/install/shortest_path_viz:/home/hmt/ros2_ws/install/distance_warning:/opt/ros/humble:/home/hmt/ros2_ws/install/distance_warning_interfaces /usr/bin/cmake --build /home/hmt/shortest_path_weighted/build/shortest_path_viz -- -j8 -l8
[7.161s] Invoking command in '/home/hmt/shortest_path_weighted/build/shortest_path_viz': CMAKE_PREFIX_PATH=/home/hmt/shortest_path_weighted/install/shortest_path_viz:/home/hmt/ros2_ws/install/distance_warning:/opt/ros/humble:/home/hmt/ros2_ws/install/distance_warning_interfaces /usr/bin/cmake --install /home/hmt/shortest_path_weighted/build/shortest_path_viz
[7.172s] -- Install configuration: ""
[7.172s] -- Installing: /home/hmt/shortest_path_weighted/install/shortest_path_viz/lib/shortest_path_viz/shortest_path_visualizer
[7.176s] -- Set runtime path of "/home/hmt/shortest_path_weighted/install/shortest_path_viz/lib/shortest_path_viz/shortest_path_visualizer" to ""
[7.176s] -- Up-to-date: /home/hmt/shortest_path_weighted/install/shortest_path_viz/share/shortest_path_viz//launch
[7.177s] -- Up-to-date: /home/hmt/shortest_path_weighted/install/shortest_path_viz/share/shortest_path_viz//launch/visualize.launch.py
[7.177s] -- Up-to-date: /home/hmt/shortest_path_weighted/install/shortest_path_viz/share/shortest_path_viz//rviz
[7.178s] -- Up-to-date: /home/hmt/shortest_path_weighted/install/shortest_path_viz/share/shortest_path_viz//rviz/shortest_path_viz.rviz
[7.179s] -- Up-to-date: /home/hmt/shortest_path_weighted/install/shortest_path_viz/share/shortest_path_viz/models/
[7.179s] -- Up-to-date: /home/hmt/shortest_path_weighted/install/shortest_path_viz/share/shortest_path_viz/models//asymmetric_complex.off
[7.179s] -- Up-to-date: /home/hmt/shortest_path_weighted/install/shortest_path_viz/share/shortest_path_viz/models//pyramid.off
[7.180s] -- Up-to-date: /home/hmt/shortest_path_weighted/install/shortest_path_viz/share/shortest_path_viz/models//torus.off
[7.180s] -- Installing: /home/hmt/shortest_path_weighted/install/shortest_path_viz/share/shortest_path_viz/models//extreme_asymmetric.off
[7.181s] -- Up-to-date: /home/hmt/shortest_path_weighted/install/shortest_path_viz/share/shortest_path_viz/models//irregular_mesh.off
[7.182s] -- Up-to-date: /home/hmt/shortest_path_weighted/install/shortest_path_viz/share/shortest_path_viz/models//cube.off
[7.182s] -- Up-to-date: /home/hmt/shortest_path_weighted/install/shortest_path_viz/share/shortest_path_viz/models//icosahedron.off
[7.182s] -- Up-to-date: /home/hmt/shortest_path_weighted/install/shortest_path_viz/share/ament_index/resource_index/package_run_dependencies/shortest_path_viz
[7.182s] -- Up-to-date: /home/hmt/shortest_path_weighted/install/shortest_path_viz/share/ament_index/resource_index/parent_prefix_path/shortest_path_viz
[7.182s] -- Up-to-date: /home/hmt/shortest_path_weighted/install/shortest_path_viz/share/shortest_path_viz/environment/ament_prefix_path.sh
[7.183s] -- Up-to-date: /home/hmt/shortest_path_weighted/install/shortest_path_viz/share/shortest_path_viz/environment/ament_prefix_path.dsv
[7.184s] -- Up-to-date: /home/hmt/shortest_path_weighted/install/shortest_path_viz/share/shortest_path_viz/environment/path.sh
[7.184s] -- Up-to-date: /home/hmt/shortest_path_weighted/install/shortest_path_viz/share/shortest_path_viz/environment/path.dsv
[7.185s] -- Up-to-date: /home/hmt/shortest_path_weighted/install/shortest_path_viz/share/shortest_path_viz/local_setup.bash
[7.186s] -- Up-to-date: /home/hmt/shortest_path_weighted/install/shortest_path_viz/share/shortest_path_viz/local_setup.sh
[7.187s] -- Up-to-date: /home/hmt/shortest_path_weighted/install/shortest_path_viz/share/shortest_path_viz/local_setup.zsh
[7.187s] -- Up-to-date: /home/hmt/shortest_path_weighted/install/shortest_path_viz/share/shortest_path_viz/local_setup.dsv
[7.188s] -- Installing: /home/hmt/shortest_path_weighted/install/shortest_path_viz/share/shortest_path_viz/package.dsv
[7.188s] -- Up-to-date: /home/hmt/shortest_path_weighted/install/shortest_path_viz/share/ament_index/resource_index/packages/shortest_path_viz
[7.188s] -- Up-to-date: /home/hmt/shortest_path_weighted/install/shortest_path_viz/share/shortest_path_viz/cmake/shortest_path_vizConfig.cmake
[7.190s] -- Up-to-date: /home/hmt/shortest_path_weighted/install/shortest_path_viz/share/shortest_path_viz/cmake/shortest_path_vizConfig-version.cmake
[7.191s] -- Up-to-date: /home/hmt/shortest_path_weighted/install/shortest_path_viz/share/shortest_path_viz/package.xml
[7.193s] Invoked command in '/home/hmt/shortest_path_weighted/build/shortest_path_viz' returned '0': CMAKE_PREFIX_PATH=/home/hmt/shortest_path_weighted/install/shortest_path_viz:/home/hmt/ros2_ws/install/distance_warning:/opt/ros/humble:/home/hmt/ros2_ws/install/distance_warning_interfaces /usr/bin/cmake --install /home/hmt/shortest_path_weighted/build/shortest_path_viz
