-- Found ament_cmake: 1.3.11 (/opt/ros/humble/share/ament_cmake/cmake)
-- Found rclcpp: 16.0.12 (/opt/ros/humble/share/rclcpp/cmake)
-- Found rosidl_generator_c: 3.1.6 (/opt/ros/humble/share/rosidl_generator_c/cmake)
-- Found rosidl_adapter: 3.1.6 (/opt/ros/humble/share/rosidl_adapter/cmake)
-- Found rosidl_generator_cpp: 3.1.6 (/opt/ros/humble/share/rosidl_generator_cpp/cmake)
-- Using all available rosidl_typesupport_c: rosidl_typesupport_fastrtps_c;rosidl_typesupport_introspection_c
-- Using all available rosidl_typesupport_cpp: rosidl_typesupport_fastrtps_cpp;rosidl_typesupport_introspection_cpp
-- Found rmw_implementation_cmake: 6.1.2 (/opt/ros/humble/share/rmw_implementation_cmake/cmake)
-- Found rmw_fastrtps_cpp: 6.2.7 (/opt/ros/humble/share/rmw_fastrtps_cpp/cmake)
-- Using RMW implementation 'rmw_fastrtps_cpp' as default
-- Found geometry_msgs: 4.8.0 (/opt/ros/humble/share/geometry_msgs/cmake)
-- Found visualization_msgs: 4.8.0 (/opt/ros/humble/share/visualization_msgs/cmake)
-- Found ament_lint_auto: 0.12.12 (/opt/ros/humble/share/ament_lint_auto/cmake)
-- Added test 'cppcheck' to perform static code analysis on C / C++ code
-- Configured cppcheck include dirs: /home/hmt/shortest_path_weighted/src/shortest_path_viz/src
-- Configured cppcheck exclude dirs and/or files: 
-- Added test 'flake8' to check Python code syntax and style conventions
-- Added test 'lint_cmake' to check CMake code style
-- Added test 'pep257' to check Python code against some of the docstring style conventions in PEP 257
-- Added test 'uncrustify' to check C / C++ code style
-- Configured uncrustify additional arguments: 
-- Added test 'xmllint' to check XML markup files
-- Configuring done
-- Generating done
-- Build files have been written to: /home/hmt/shortest_path_weighted/build/shortest_path_viz
[35m[1mConsolidate compiler generated dependencies of target shortest_path_visualizer[0m
[ 33%] [32mBuilding CXX object CMakeFiles/shortest_path_visualizer.dir/src/shortest_path_visualizer.cpp.o[0m
[ 66%] [32m[1mLinking CXX executable shortest_path_visualizer[0m
[100%] Built target shortest_path_visualizer
-- Install configuration: ""
-- Installing: /home/hmt/shortest_path_weighted/install/shortest_path_viz/lib/shortest_path_viz/shortest_path_visualizer
-- Set runtime path of "/home/hmt/shortest_path_weighted/install/shortest_path_viz/lib/shortest_path_viz/shortest_path_visualizer" to ""
-- Up-to-date: /home/hmt/shortest_path_weighted/install/shortest_path_viz/share/shortest_path_viz//launch
-- Up-to-date: /home/hmt/shortest_path_weighted/install/shortest_path_viz/share/shortest_path_viz//launch/visualize.launch.py
-- Up-to-date: /home/hmt/shortest_path_weighted/install/shortest_path_viz/share/shortest_path_viz//rviz
-- Up-to-date: /home/hmt/shortest_path_weighted/install/shortest_path_viz/share/shortest_path_viz//rviz/shortest_path_viz.rviz
-- Installing: /home/hmt/shortest_path_weighted/install/shortest_path_viz/share/shortest_path_viz/models/
-- Installing: /home/hmt/shortest_path_weighted/install/shortest_path_viz/share/shortest_path_viz/models//pyramid.off
-- Installing: /home/hmt/shortest_path_weighted/install/shortest_path_viz/share/shortest_path_viz/models//torus.off
-- Installing: /home/hmt/shortest_path_weighted/install/shortest_path_viz/share/shortest_path_viz/models//cube.off
-- Installing: /home/hmt/shortest_path_weighted/install/shortest_path_viz/share/shortest_path_viz/models//icosahedron.off
-- Up-to-date: /home/hmt/shortest_path_weighted/install/shortest_path_viz/share/ament_index/resource_index/package_run_dependencies/shortest_path_viz
-- Installing: /home/hmt/shortest_path_weighted/install/shortest_path_viz/share/ament_index/resource_index/parent_prefix_path/shortest_path_viz
-- Up-to-date: /home/hmt/shortest_path_weighted/install/shortest_path_viz/share/shortest_path_viz/environment/ament_prefix_path.sh
-- Installing: /home/hmt/shortest_path_weighted/install/shortest_path_viz/share/shortest_path_viz/environment/ament_prefix_path.dsv
-- Up-to-date: /home/hmt/shortest_path_weighted/install/shortest_path_viz/share/shortest_path_viz/environment/path.sh
-- Installing: /home/hmt/shortest_path_weighted/install/shortest_path_viz/share/shortest_path_viz/environment/path.dsv
-- Up-to-date: /home/hmt/shortest_path_weighted/install/shortest_path_viz/share/shortest_path_viz/local_setup.bash
-- Up-to-date: /home/hmt/shortest_path_weighted/install/shortest_path_viz/share/shortest_path_viz/local_setup.sh
-- Up-to-date: /home/hmt/shortest_path_weighted/install/shortest_path_viz/share/shortest_path_viz/local_setup.zsh
-- Installing: /home/hmt/shortest_path_weighted/install/shortest_path_viz/share/shortest_path_viz/local_setup.dsv
-- Installing: /home/hmt/shortest_path_weighted/install/shortest_path_viz/share/shortest_path_viz/package.dsv
-- Up-to-date: /home/hmt/shortest_path_weighted/install/shortest_path_viz/share/ament_index/resource_index/packages/shortest_path_viz
-- Up-to-date: /home/hmt/shortest_path_weighted/install/shortest_path_viz/share/shortest_path_viz/cmake/shortest_path_vizConfig.cmake
-- Up-to-date: /home/hmt/shortest_path_weighted/install/shortest_path_viz/share/shortest_path_viz/cmake/shortest_path_vizConfig-version.cmake
-- Up-to-date: /home/hmt/shortest_path_weighted/install/shortest_path_viz/share/shortest_path_viz/package.xml
