[0.480s] DEBUG:colcon:Command line arguments: ['/usr/bin/colcon', 'build', '--packages-select', 'shortest_path_viz']
[0.480s] DEBUG:colcon:Parsed command line arguments: Namespace(log_base=None, log_level=None, verb_name='build', build_base='build', install_base='install', merge_install=False, symlink_install=False, test_result_base=None, continue_on_error=False, executor='parallel', parallel_workers=8, event_handlers=None, ignore_user_meta=False, metas=['./colcon.meta'], base_paths=['.'], packages_ignore=None, packages_ignore_regex=None, paths=None, packages_up_to=None, packages_up_to_regex=None, packages_above=None, packages_above_and_dependencies=None, packages_above_depth=None, packages_select_by_dep=None, packages_skip_by_dep=None, packages_skip_up_to=None, packages_select_build_failed=False, packages_skip_build_finished=False, packages_select_test_failures=False, packages_skip_test_passed=False, packages_select=['shortest_path_viz'], packages_skip=None, packages_select_regex=None, packages_skip_regex=None, packages_start=None, packages_end=None, allow_overriding=[], cmake_args=None, cmake_target=None, cmake_target_skip_unavailable=False, cmake_clean_cache=False, cmake_clean_first=False, cmake_force_configure=False, ament_cmake_args=None, catkin_cmake_args=None, catkin_skip_building_tests=False, mixin_files=None, mixin=None, verb_parser=<colcon_mixin.mixin.mixin_argument.MixinArgumentDecorator object at 0x7150f4148790>, verb_extension=<colcon_core.verb.build.BuildVerb object at 0x7150f4249630>, main=<bound method BuildVerb.main of <colcon_core.verb.build.BuildVerb object at 0x7150f4249630>>, mixin_verb=('build',))
[0.954s] Level 1:colcon.colcon_core.package_discovery:discover_packages(colcon_meta) check parameters
[0.954s] Level 1:colcon.colcon_core.package_discovery:discover_packages(recursive) check parameters
[0.954s] Level 1:colcon.colcon_core.package_discovery:discover_packages(ignore) check parameters
[0.954s] Level 1:colcon.colcon_core.package_discovery:discover_packages(path) check parameters
[0.954s] Level 1:colcon.colcon_core.package_discovery:discover_packages(colcon_meta) discover
[0.955s] Level 1:colcon.colcon_core.package_discovery:discover_packages(recursive) discover
[0.955s] INFO:colcon.colcon_core.package_discovery:Crawling recursively for packages in '/home/hmt/shortest_path_weighted'
[0.955s] Level 1:colcon.colcon_core.package_identification:_identify(.) by extensions ['ignore', 'ignore_ament_install']
[0.955s] Level 1:colcon.colcon_core.package_identification:_identify(.) by extension 'ignore'
[0.956s] Level 1:colcon.colcon_core.package_identification:_identify(.) by extension 'ignore_ament_install'
[0.956s] Level 1:colcon.colcon_core.package_identification:_identify(.) by extensions ['colcon_pkg']
[0.956s] Level 1:colcon.colcon_core.package_identification:_identify(.) by extension 'colcon_pkg'
[0.956s] Level 1:colcon.colcon_core.package_identification:_identify(.) by extensions ['colcon_meta']
[0.956s] Level 1:colcon.colcon_core.package_identification:_identify(.) by extension 'colcon_meta'
[0.957s] Level 1:colcon.colcon_core.package_identification:_identify(.) by extensions ['ros']
[0.957s] Level 1:colcon.colcon_core.package_identification:_identify(.) by extension 'ros'
[0.981s] Level 1:colcon.colcon_core.package_identification:_identify(.) by extensions ['cmake', 'python']
[0.981s] Level 1:colcon.colcon_core.package_identification:_identify(.) by extension 'cmake'
[0.981s] Level 1:colcon.colcon_core.package_identification:_identify(.) by extension 'python'
[0.981s] Level 1:colcon.colcon_core.package_identification:_identify(.) by extensions ['python_setup_py']
[0.981s] Level 1:colcon.colcon_core.package_identification:_identify(.) by extension 'python_setup_py'
[0.982s] Level 1:colcon.colcon_core.package_identification:_identify(build) by extensions ['ignore', 'ignore_ament_install']
[0.982s] Level 1:colcon.colcon_core.package_identification:_identify(build) by extension 'ignore'
[0.982s] Level 1:colcon.colcon_core.package_identification:_identify(build) ignored
[0.982s] Level 1:colcon.colcon_core.package_identification:_identify(install) by extensions ['ignore', 'ignore_ament_install']
[0.982s] Level 1:colcon.colcon_core.package_identification:_identify(install) by extension 'ignore'
[0.982s] Level 1:colcon.colcon_core.package_identification:_identify(install) ignored
[0.983s] Level 1:colcon.colcon_core.package_identification:_identify(log) by extensions ['ignore', 'ignore_ament_install']
[0.983s] Level 1:colcon.colcon_core.package_identification:_identify(log) by extension 'ignore'
[0.983s] Level 1:colcon.colcon_core.package_identification:_identify(log) ignored
[0.983s] Level 1:colcon.colcon_core.package_identification:_identify(src) by extensions ['ignore', 'ignore_ament_install']
[0.983s] Level 1:colcon.colcon_core.package_identification:_identify(src) by extension 'ignore'
[0.983s] Level 1:colcon.colcon_core.package_identification:_identify(src) by extension 'ignore_ament_install'
[0.983s] Level 1:colcon.colcon_core.package_identification:_identify(src) by extensions ['colcon_pkg']
[0.983s] Level 1:colcon.colcon_core.package_identification:_identify(src) by extension 'colcon_pkg'
[0.983s] Level 1:colcon.colcon_core.package_identification:_identify(src) by extensions ['colcon_meta']
[0.983s] Level 1:colcon.colcon_core.package_identification:_identify(src) by extension 'colcon_meta'
[0.983s] Level 1:colcon.colcon_core.package_identification:_identify(src) by extensions ['ros']
[0.983s] Level 1:colcon.colcon_core.package_identification:_identify(src) by extension 'ros'
[0.983s] Level 1:colcon.colcon_core.package_identification:_identify(src) by extensions ['cmake', 'python']
[0.983s] Level 1:colcon.colcon_core.package_identification:_identify(src) by extension 'cmake'
[0.983s] Level 1:colcon.colcon_core.package_identification:_identify(src) by extension 'python'
[0.983s] Level 1:colcon.colcon_core.package_identification:_identify(src) by extensions ['python_setup_py']
[0.983s] Level 1:colcon.colcon_core.package_identification:_identify(src) by extension 'python_setup_py'
[0.983s] Level 1:colcon.colcon_core.package_identification:_identify(src/shortest_path_viz) by extensions ['ignore', 'ignore_ament_install']
[0.984s] Level 1:colcon.colcon_core.package_identification:_identify(src/shortest_path_viz) by extension 'ignore'
[0.984s] Level 1:colcon.colcon_core.package_identification:_identify(src/shortest_path_viz) by extension 'ignore_ament_install'
[0.984s] Level 1:colcon.colcon_core.package_identification:_identify(src/shortest_path_viz) by extensions ['colcon_pkg']
[0.984s] Level 1:colcon.colcon_core.package_identification:_identify(src/shortest_path_viz) by extension 'colcon_pkg'
[0.984s] Level 1:colcon.colcon_core.package_identification:_identify(src/shortest_path_viz) by extensions ['colcon_meta']
[0.984s] Level 1:colcon.colcon_core.package_identification:_identify(src/shortest_path_viz) by extension 'colcon_meta'
[0.984s] Level 1:colcon.colcon_core.package_identification:_identify(src/shortest_path_viz) by extensions ['ros']
[0.984s] Level 1:colcon.colcon_core.package_identification:_identify(src/shortest_path_viz) by extension 'ros'
[0.993s] DEBUG:colcon.colcon_core.package_identification:Package 'src/shortest_path_viz' with type 'ros.ament_cmake' and name 'shortest_path_viz'
[0.993s] Level 1:colcon.colcon_core.package_discovery:discover_packages(recursive) using defaults
[0.993s] Level 1:colcon.colcon_core.package_discovery:discover_packages(ignore) discover
[0.993s] Level 1:colcon.colcon_core.package_discovery:discover_packages(ignore) using defaults
[0.993s] Level 1:colcon.colcon_core.package_discovery:discover_packages(path) discover
[0.993s] Level 1:colcon.colcon_core.package_discovery:discover_packages(path) using defaults
[1.048s] Level 1:colcon.colcon_core.package_discovery:discover_packages(prefix_path) check parameters
[1.048s] Level 1:colcon.colcon_core.package_discovery:discover_packages(prefix_path) discover
[1.057s] DEBUG:colcon.colcon_installed_package_information.package_discovery:Found 1 installed packages in /home/hmt/shortest_path_weighted/install
[1.061s] DEBUG:colcon.colcon_installed_package_information.package_discovery:Found 2 installed packages in /home/hmt/ros2_ws/install
[1.065s] DEBUG:colcon.colcon_installed_package_information.package_discovery:Found 276 installed packages in /opt/ros/humble
[1.084s] Level 1:colcon.colcon_core.package_discovery:discover_packages(prefix_path) using defaults
[1.253s] Level 5:colcon.colcon_core.verb:set package 'shortest_path_viz' build argument 'cmake_args' from command line to 'None'
[1.254s] Level 5:colcon.colcon_core.verb:set package 'shortest_path_viz' build argument 'cmake_target' from command line to 'None'
[1.254s] Level 5:colcon.colcon_core.verb:set package 'shortest_path_viz' build argument 'cmake_target_skip_unavailable' from command line to 'False'
[1.254s] Level 5:colcon.colcon_core.verb:set package 'shortest_path_viz' build argument 'cmake_clean_cache' from command line to 'False'
[1.254s] Level 5:colcon.colcon_core.verb:set package 'shortest_path_viz' build argument 'cmake_clean_first' from command line to 'False'
[1.254s] Level 5:colcon.colcon_core.verb:set package 'shortest_path_viz' build argument 'cmake_force_configure' from command line to 'False'
[1.254s] Level 5:colcon.colcon_core.verb:set package 'shortest_path_viz' build argument 'ament_cmake_args' from command line to 'None'
[1.254s] Level 5:colcon.colcon_core.verb:set package 'shortest_path_viz' build argument 'catkin_cmake_args' from command line to 'None'
[1.254s] Level 5:colcon.colcon_core.verb:set package 'shortest_path_viz' build argument 'catkin_skip_building_tests' from command line to 'False'
[1.254s] DEBUG:colcon.colcon_core.verb:Building package 'shortest_path_viz' with the following arguments: {'ament_cmake_args': None, 'build_base': '/home/hmt/shortest_path_weighted/build/shortest_path_viz', 'catkin_cmake_args': None, 'catkin_skip_building_tests': False, 'cmake_args': None, 'cmake_clean_cache': False, 'cmake_clean_first': False, 'cmake_force_configure': False, 'cmake_target': None, 'cmake_target_skip_unavailable': False, 'install_base': '/home/hmt/shortest_path_weighted/install/shortest_path_viz', 'merge_install': False, 'path': '/home/hmt/shortest_path_weighted/src/shortest_path_viz', 'symlink_install': False, 'test_result_base': None}
[1.254s] INFO:colcon.colcon_core.executor:Executing jobs using 'parallel' executor
[1.256s] DEBUG:colcon.colcon_parallel_executor.executor.parallel:run_until_complete
[1.256s] INFO:colcon.colcon_ros.task.ament_cmake.build:Building ROS package in '/home/hmt/shortest_path_weighted/src/shortest_path_viz' with build type 'ament_cmake'
[1.256s] INFO:colcon.colcon_cmake.task.cmake.build:Building CMake package in '/home/hmt/shortest_path_weighted/src/shortest_path_viz'
[1.273s] INFO:colcon.colcon_core.plugin_system:Skipping extension 'colcon_core.shell.bat': Not used on non-Windows systems
[1.274s] INFO:colcon.colcon_core.shell:Skip shell extension 'powershell' for command environment: Not usable outside of PowerShell
[1.274s] DEBUG:colcon.colcon_core.shell:Skip shell extension 'dsv' for command environment
[1.293s] DEBUG:colcon.colcon_core.event_handler.log_command:Invoking command in '/home/hmt/shortest_path_weighted/build/shortest_path_viz': CMAKE_PREFIX_PATH=/home/hmt/shortest_path_weighted/install/shortest_path_viz:/home/hmt/ros2_ws/install/distance_warning:/opt/ros/humble:/home/hmt/ros2_ws/install/distance_warning_interfaces /usr/bin/cmake --build /home/hmt/shortest_path_weighted/build/shortest_path_viz -- -j8 -l8
[1.489s] DEBUG:colcon.colcon_core.event_handler.log_command:Invoked command in '/home/hmt/shortest_path_weighted/build/shortest_path_viz' returned '0': CMAKE_PREFIX_PATH=/home/hmt/shortest_path_weighted/install/shortest_path_viz:/home/hmt/ros2_ws/install/distance_warning:/opt/ros/humble:/home/hmt/ros2_ws/install/distance_warning_interfaces /usr/bin/cmake --build /home/hmt/shortest_path_weighted/build/shortest_path_viz -- -j8 -l8
[1.505s] DEBUG:colcon.colcon_core.event_handler.log_command:Invoking command in '/home/hmt/shortest_path_weighted/build/shortest_path_viz': CMAKE_PREFIX_PATH=/home/hmt/shortest_path_weighted/install/shortest_path_viz:/home/hmt/ros2_ws/install/distance_warning:/opt/ros/humble:/home/hmt/ros2_ws/install/distance_warning_interfaces /usr/bin/cmake --install /home/hmt/shortest_path_weighted/build/shortest_path_viz
[1.523s] Level 1:colcon.colcon_core.environment:create_environment_scripts_only(shortest_path_viz)
[1.524s] DEBUG:colcon.colcon_core.event_handler.log_command:Invoked command in '/home/hmt/shortest_path_weighted/build/shortest_path_viz' returned '0': CMAKE_PREFIX_PATH=/home/hmt/shortest_path_weighted/install/shortest_path_viz:/home/hmt/ros2_ws/install/distance_warning:/opt/ros/humble:/home/hmt/ros2_ws/install/distance_warning_interfaces /usr/bin/cmake --install /home/hmt/shortest_path_weighted/build/shortest_path_viz
[1.532s] Level 1:colcon.colcon_core.environment:checking '/home/hmt/shortest_path_weighted/install/shortest_path_viz' for CMake module files
[1.534s] Level 1:colcon.colcon_core.environment:checking '/home/hmt/shortest_path_weighted/install/shortest_path_viz' for CMake config files
[1.536s] Level 1:colcon.colcon_core.shell:create_environment_hook('shortest_path_viz', 'cmake_prefix_path')
[1.536s] INFO:colcon.colcon_core.shell:Creating environment hook '/home/hmt/shortest_path_weighted/install/shortest_path_viz/share/shortest_path_viz/hook/cmake_prefix_path.ps1'
[1.537s] INFO:colcon.colcon_core.shell:Creating environment descriptor '/home/hmt/shortest_path_weighted/install/shortest_path_viz/share/shortest_path_viz/hook/cmake_prefix_path.dsv'
[1.538s] INFO:colcon.colcon_core.shell:Creating environment hook '/home/hmt/shortest_path_weighted/install/shortest_path_viz/share/shortest_path_viz/hook/cmake_prefix_path.sh'
[1.539s] Level 1:colcon.colcon_core.environment:checking '/home/hmt/shortest_path_weighted/install/shortest_path_viz/lib'
[1.540s] Level 1:colcon.colcon_core.environment:checking '/home/hmt/shortest_path_weighted/install/shortest_path_viz/bin'
[1.540s] Level 1:colcon.colcon_core.environment:checking '/home/hmt/shortest_path_weighted/install/shortest_path_viz/lib/pkgconfig/shortest_path_viz.pc'
[1.540s] Level 1:colcon.colcon_core.environment:checking '/home/hmt/shortest_path_weighted/install/shortest_path_viz/lib/python3.10/site-packages'
[1.540s] Level 1:colcon.colcon_core.environment:checking '/home/hmt/shortest_path_weighted/install/shortest_path_viz/bin'
[1.540s] INFO:colcon.colcon_core.shell:Creating package script '/home/hmt/shortest_path_weighted/install/shortest_path_viz/share/shortest_path_viz/package.ps1'
[1.542s] INFO:colcon.colcon_core.shell:Creating package descriptor '/home/hmt/shortest_path_weighted/install/shortest_path_viz/share/shortest_path_viz/package.dsv'
[1.543s] INFO:colcon.colcon_core.shell:Creating package script '/home/hmt/shortest_path_weighted/install/shortest_path_viz/share/shortest_path_viz/package.sh'
[1.544s] INFO:colcon.colcon_core.shell:Creating package script '/home/hmt/shortest_path_weighted/install/shortest_path_viz/share/shortest_path_viz/package.bash'
[1.545s] INFO:colcon.colcon_core.shell:Creating package script '/home/hmt/shortest_path_weighted/install/shortest_path_viz/share/shortest_path_viz/package.zsh'
[1.546s] Level 1:colcon.colcon_core.environment:create_file_with_runtime_dependencies(/home/hmt/shortest_path_weighted/install/shortest_path_viz/share/colcon-core/packages/shortest_path_viz)
[1.546s] Level 1:colcon.colcon_core.environment:create_environment_scripts_only(shortest_path_viz)
[1.547s] Level 1:colcon.colcon_core.environment:checking '/home/hmt/shortest_path_weighted/install/shortest_path_viz' for CMake module files
[1.547s] Level 1:colcon.colcon_core.environment:checking '/home/hmt/shortest_path_weighted/install/shortest_path_viz' for CMake config files
[1.547s] Level 1:colcon.colcon_core.shell:create_environment_hook('shortest_path_viz', 'cmake_prefix_path')
[1.547s] INFO:colcon.colcon_core.shell:Creating environment hook '/home/hmt/shortest_path_weighted/install/shortest_path_viz/share/shortest_path_viz/hook/cmake_prefix_path.ps1'
[1.548s] INFO:colcon.colcon_core.shell:Creating environment descriptor '/home/hmt/shortest_path_weighted/install/shortest_path_viz/share/shortest_path_viz/hook/cmake_prefix_path.dsv'
[1.549s] INFO:colcon.colcon_core.shell:Creating environment hook '/home/hmt/shortest_path_weighted/install/shortest_path_viz/share/shortest_path_viz/hook/cmake_prefix_path.sh'
[1.552s] Level 1:colcon.colcon_core.environment:checking '/home/hmt/shortest_path_weighted/install/shortest_path_viz/lib'
[1.552s] Level 1:colcon.colcon_core.environment:checking '/home/hmt/shortest_path_weighted/install/shortest_path_viz/bin'
[1.553s] Level 1:colcon.colcon_core.environment:checking '/home/hmt/shortest_path_weighted/install/shortest_path_viz/lib/pkgconfig/shortest_path_viz.pc'
[1.553s] Level 1:colcon.colcon_core.environment:checking '/home/hmt/shortest_path_weighted/install/shortest_path_viz/lib/python3.10/site-packages'
[1.553s] Level 1:colcon.colcon_core.environment:checking '/home/hmt/shortest_path_weighted/install/shortest_path_viz/bin'
[1.554s] INFO:colcon.colcon_core.shell:Creating package script '/home/hmt/shortest_path_weighted/install/shortest_path_viz/share/shortest_path_viz/package.ps1'
[1.554s] INFO:colcon.colcon_core.shell:Creating package descriptor '/home/hmt/shortest_path_weighted/install/shortest_path_viz/share/shortest_path_viz/package.dsv'
[1.555s] INFO:colcon.colcon_core.shell:Creating package script '/home/hmt/shortest_path_weighted/install/shortest_path_viz/share/shortest_path_viz/package.sh'
[1.555s] INFO:colcon.colcon_core.shell:Creating package script '/home/hmt/shortest_path_weighted/install/shortest_path_viz/share/shortest_path_viz/package.bash'
[1.556s] INFO:colcon.colcon_core.shell:Creating package script '/home/hmt/shortest_path_weighted/install/shortest_path_viz/share/shortest_path_viz/package.zsh'
[1.556s] Level 1:colcon.colcon_core.environment:create_file_with_runtime_dependencies(/home/hmt/shortest_path_weighted/install/shortest_path_viz/share/colcon-core/packages/shortest_path_viz)
[1.557s] DEBUG:colcon.colcon_parallel_executor.executor.parallel:closing loop
[1.557s] DEBUG:colcon.colcon_parallel_executor.executor.parallel:loop closed
[1.558s] DEBUG:colcon.colcon_parallel_executor.executor.parallel:run_until_complete finished with '0'
[1.558s] DEBUG:colcon.colcon_core.event_reactor:joining thread
[1.611s] INFO:colcon.colcon_core.plugin_system:Skipping extension 'colcon_notification.desktop_notification.notify_send': Could not find 'notify-send'
[1.612s] INFO:colcon.colcon_core.plugin_system:Skipping extension 'colcon_notification.desktop_notification.terminal_notifier': Not used on non-Darwin systems
[1.612s] INFO:colcon.colcon_core.plugin_system:Skipping extension 'colcon_notification.desktop_notification.win32': Not used on non-Windows systems
[1.612s] INFO:colcon.colcon_notification.desktop_notification:Sending desktop notification using 'notify2'
[1.612s] DEBUG:colcon.colcon_notification.desktop_notification.notify2:Failed to initialize notify2: org.freedesktop.DBus.Error.FileNotFound: Failed to connect to socket /run/user/1000/bus: No such file or directory
[1.612s] DEBUG:colcon.colcon_core.event_reactor:joined thread
[1.613s] INFO:colcon.colcon_core.shell:Creating prefix script '/home/hmt/shortest_path_weighted/install/local_setup.ps1'
[1.614s] INFO:colcon.colcon_core.shell:Creating prefix util module '/home/hmt/shortest_path_weighted/install/_local_setup_util_ps1.py'
[1.616s] INFO:colcon.colcon_core.shell:Creating prefix chain script '/home/hmt/shortest_path_weighted/install/setup.ps1'
[1.620s] INFO:colcon.colcon_core.shell:Creating prefix script '/home/hmt/shortest_path_weighted/install/local_setup.sh'
[1.622s] INFO:colcon.colcon_core.shell:Creating prefix util module '/home/hmt/shortest_path_weighted/install/_local_setup_util_sh.py'
[1.623s] INFO:colcon.colcon_core.shell:Creating prefix chain script '/home/hmt/shortest_path_weighted/install/setup.sh'
[1.624s] INFO:colcon.colcon_core.shell:Creating prefix script '/home/hmt/shortest_path_weighted/install/local_setup.bash'
[1.625s] INFO:colcon.colcon_core.shell:Creating prefix chain script '/home/hmt/shortest_path_weighted/install/setup.bash'
[1.626s] INFO:colcon.colcon_core.shell:Creating prefix script '/home/hmt/shortest_path_weighted/install/local_setup.zsh'
[1.627s] INFO:colcon.colcon_core.shell:Creating prefix chain script '/home/hmt/shortest_path_weighted/install/setup.zsh'
