[0.035s] Invoking command in '/home/hmt/shortest_path_weighted/build/shortest_path_viz': CMAKE_PREFIX_PATH=/home/hmt/shortest_path_weighted/install/shortest_path_viz:/home/hmt/ros2_ws/install/distance_warning:/opt/ros/humble:/home/hmt/ros2_ws/install/distance_warning_interfaces /usr/bin/cmake --build /home/hmt/shortest_path_weighted/build/shortest_path_viz -- -j8 -l8
[0.187s] [35m[1mConsolidate compiler generated dependencies of target shortest_path_visualizer[0m
[0.216s] [100%] Built target shortest_path_visualizer
[0.231s] Invoked command in '/home/hmt/shortest_path_weighted/build/shortest_path_viz' returned '0': CMAKE_PREFIX_PATH=/home/hmt/shortest_path_weighted/install/shortest_path_viz:/home/hmt/ros2_ws/install/distance_warning:/opt/ros/humble:/home/hmt/ros2_ws/install/distance_warning_interfaces /usr/bin/cmake --build /home/hmt/shortest_path_weighted/build/shortest_path_viz -- -j8 -l8
[0.247s] Invoking command in '/home/hmt/shortest_path_weighted/build/shortest_path_viz': CMAKE_PREFIX_PATH=/home/hmt/shortest_path_weighted/install/shortest_path_viz:/home/hmt/ros2_ws/install/distance_warning:/opt/ros/humble:/home/hmt/ros2_ws/install/distance_warning_interfaces /usr/bin/cmake --install /home/hmt/shortest_path_weighted/build/shortest_path_viz
[0.254s] -- Install configuration: ""
[0.256s] -- Up-to-date: /home/hmt/shortest_path_weighted/install/shortest_path_viz/lib/shortest_path_viz/shortest_path_visualizer
[0.257s] -- Up-to-date: /home/hmt/shortest_path_weighted/install/shortest_path_viz/share/shortest_path_viz//launch
[0.257s] -- Up-to-date: /home/hmt/shortest_path_weighted/install/shortest_path_viz/share/shortest_path_viz//launch/visualize.launch.py
[0.258s] -- Up-to-date: /home/hmt/shortest_path_weighted/install/shortest_path_viz/share/shortest_path_viz//rviz
[0.259s] -- Up-to-date: /home/hmt/shortest_path_weighted/install/shortest_path_viz/share/shortest_path_viz//rviz/shortest_path_viz.rviz
[0.261s] -- Up-to-date: /home/hmt/shortest_path_weighted/install/shortest_path_viz/share/shortest_path_viz/cube.off
[0.262s] -- Up-to-date: /home/hmt/shortest_path_weighted/install/shortest_path_viz/share/ament_index/resource_index/package_run_dependencies/shortest_path_viz
[0.262s] -- Up-to-date: /home/hmt/shortest_path_weighted/install/shortest_path_viz/share/ament_index/resource_index/parent_prefix_path/shortest_path_viz
[0.263s] -- Up-to-date: /home/hmt/shortest_path_weighted/install/shortest_path_viz/share/shortest_path_viz/environment/ament_prefix_path.sh
[0.263s] -- Up-to-date: /home/hmt/shortest_path_weighted/install/shortest_path_viz/share/shortest_path_viz/environment/ament_prefix_path.dsv
[0.263s] -- Up-to-date: /home/hmt/shortest_path_weighted/install/shortest_path_viz/share/shortest_path_viz/environment/path.sh
[0.263s] -- Up-to-date: /home/hmt/shortest_path_weighted/install/shortest_path_viz/share/shortest_path_viz/environment/path.dsv
[0.263s] -- Up-to-date: /home/hmt/shortest_path_weighted/install/shortest_path_viz/share/shortest_path_viz/local_setup.bash
[0.263s] -- Up-to-date: /home/hmt/shortest_path_weighted/install/shortest_path_viz/share/shortest_path_viz/local_setup.sh
[0.263s] -- Up-to-date: /home/hmt/shortest_path_weighted/install/shortest_path_viz/share/shortest_path_viz/local_setup.zsh
[0.264s] -- Up-to-date: /home/hmt/shortest_path_weighted/install/shortest_path_viz/share/shortest_path_viz/local_setup.dsv
[0.264s] -- Installing: /home/hmt/shortest_path_weighted/install/shortest_path_viz/share/shortest_path_viz/package.dsv
[0.265s] -- Up-to-date: /home/hmt/shortest_path_weighted/install/shortest_path_viz/share/ament_index/resource_index/packages/shortest_path_viz
[0.266s] -- Up-to-date: /home/hmt/shortest_path_weighted/install/shortest_path_viz/share/shortest_path_viz/cmake/shortest_path_vizConfig.cmake
[0.266s] -- Up-to-date: /home/hmt/shortest_path_weighted/install/shortest_path_viz/share/shortest_path_viz/cmake/shortest_path_vizConfig-version.cmake
[0.266s] -- Up-to-date: /home/hmt/shortest_path_weighted/install/shortest_path_viz/share/shortest_path_viz/package.xml
[0.266s] Invoked command in '/home/hmt/shortest_path_weighted/build/shortest_path_viz' returned '0': CMAKE_PREFIX_PATH=/home/hmt/shortest_path_weighted/install/shortest_path_viz:/home/hmt/ros2_ws/install/distance_warning:/opt/ros/humble:/home/hmt/ros2_ws/install/distance_warning_interfaces /usr/bin/cmake --install /home/hmt/shortest_path_weighted/build/shortest_path_viz
