[35m[1mConsolidate compiler generated dependencies of target shortest_path_visualizer[0m
[ 33%] [32mBuilding CXX object CMakeFiles/shortest_path_visualizer.dir/src/shortest_path_visualizer.cpp.o[0m
[ 66%] [32m[1mLinking CXX executable shortest_path_visualizer[0m
[100%] Built target shortest_path_visualizer
-- Install configuration: ""
-- Installing: /home/hmt/shortest_path_weighted/install/shortest_path_viz/lib/shortest_path_viz/shortest_path_visualizer
-- Set runtime path of "/home/hmt/shortest_path_weighted/install/shortest_path_viz/lib/shortest_path_viz/shortest_path_visualizer" to ""
-- Up-to-date: /home/hmt/shortest_path_weighted/install/shortest_path_viz/share/shortest_path_viz//launch
-- Up-to-date: /home/hmt/shortest_path_weighted/install/shortest_path_viz/share/shortest_path_viz//launch/visualize.launch.py
-- Up-to-date: /home/hmt/shortest_path_weighted/install/shortest_path_viz/share/shortest_path_viz//rviz
-- Up-to-date: /home/hmt/shortest_path_weighted/install/shortest_path_viz/share/shortest_path_viz//rviz/shortest_path_viz.rviz
-- Up-to-date: /home/hmt/shortest_path_weighted/install/shortest_path_viz/share/shortest_path_viz/models/
-- Installing: /home/hmt/shortest_path_weighted/install/shortest_path_viz/share/shortest_path_viz/models//asymmetric_complex.off
-- Up-to-date: /home/hmt/shortest_path_weighted/install/shortest_path_viz/share/shortest_path_viz/models//pyramid.off
-- Up-to-date: /home/hmt/shortest_path_weighted/install/shortest_path_viz/share/shortest_path_viz/models//torus.off
-- Installing: /home/hmt/shortest_path_weighted/install/shortest_path_viz/share/shortest_path_viz/models//irregular_mesh.off
-- Up-to-date: /home/hmt/shortest_path_weighted/install/shortest_path_viz/share/shortest_path_viz/models//cube.off
-- Up-to-date: /home/hmt/shortest_path_weighted/install/shortest_path_viz/share/shortest_path_viz/models//icosahedron.off
-- Up-to-date: /home/hmt/shortest_path_weighted/install/shortest_path_viz/share/ament_index/resource_index/package_run_dependencies/shortest_path_viz
-- Up-to-date: /home/hmt/shortest_path_weighted/install/shortest_path_viz/share/ament_index/resource_index/parent_prefix_path/shortest_path_viz
-- Up-to-date: /home/hmt/shortest_path_weighted/install/shortest_path_viz/share/shortest_path_viz/environment/ament_prefix_path.sh
-- Up-to-date: /home/hmt/shortest_path_weighted/install/shortest_path_viz/share/shortest_path_viz/environment/ament_prefix_path.dsv
-- Up-to-date: /home/hmt/shortest_path_weighted/install/shortest_path_viz/share/shortest_path_viz/environment/path.sh
-- Up-to-date: /home/hmt/shortest_path_weighted/install/shortest_path_viz/share/shortest_path_viz/environment/path.dsv
-- Up-to-date: /home/hmt/shortest_path_weighted/install/shortest_path_viz/share/shortest_path_viz/local_setup.bash
-- Up-to-date: /home/hmt/shortest_path_weighted/install/shortest_path_viz/share/shortest_path_viz/local_setup.sh
-- Up-to-date: /home/hmt/shortest_path_weighted/install/shortest_path_viz/share/shortest_path_viz/local_setup.zsh
-- Up-to-date: /home/hmt/shortest_path_weighted/install/shortest_path_viz/share/shortest_path_viz/local_setup.dsv
-- Installing: /home/hmt/shortest_path_weighted/install/shortest_path_viz/share/shortest_path_viz/package.dsv
-- Up-to-date: /home/hmt/shortest_path_weighted/install/shortest_path_viz/share/ament_index/resource_index/packages/shortest_path_viz
-- Up-to-date: /home/hmt/shortest_path_weighted/install/shortest_path_viz/share/shortest_path_viz/cmake/shortest_path_vizConfig.cmake
-- Up-to-date: /home/hmt/shortest_path_weighted/install/shortest_path_viz/share/shortest_path_viz/cmake/shortest_path_vizConfig-version.cmake
-- Up-to-date: /home/hmt/shortest_path_weighted/install/shortest_path_viz/share/shortest_path_viz/package.xml
