[0.453s] DEBUG:colcon:Command line arguments: ['/usr/bin/colcon', 'build', '--packages-select', 'shortest_path_viz']
[0.453s] DEBUG:colcon:Parsed command line arguments: Namespace(log_base=None, log_level=None, verb_name='build', build_base='build', install_base='install', merge_install=False, symlink_install=False, test_result_base=None, continue_on_error=False, executor='parallel', parallel_workers=8, event_handlers=None, ignore_user_meta=False, metas=['./colcon.meta'], base_paths=['.'], packages_ignore=None, packages_ignore_regex=None, paths=None, packages_up_to=None, packages_up_to_regex=None, packages_above=None, packages_above_and_dependencies=None, packages_above_depth=None, packages_select_by_dep=None, packages_skip_by_dep=None, packages_skip_up_to=None, packages_select_build_failed=False, packages_skip_build_finished=False, packages_select_test_failures=False, packages_skip_test_passed=False, packages_select=['shortest_path_viz'], packages_skip=None, packages_select_regex=None, packages_skip_regex=None, packages_start=None, packages_end=None, allow_overriding=[], cmake_args=None, cmake_target=None, cmake_target_skip_unavailable=False, cmake_clean_cache=False, cmake_clean_first=False, cmake_force_configure=False, ament_cmake_args=None, catkin_cmake_args=None, catkin_skip_building_tests=False, mixin_files=None, mixin=None, verb_parser=<colcon_mixin.mixin.mixin_argument.MixinArgumentDecorator object at 0x7cbf67b487c0>, verb_extension=<colcon_core.verb.build.BuildVerb object at 0x7cbf67c49660>, main=<bound method BuildVerb.main of <colcon_core.verb.build.BuildVerb object at 0x7cbf67c49660>>, mixin_verb=('build',))
[0.713s] Level 1:colcon.colcon_core.package_discovery:discover_packages(colcon_meta) check parameters
[0.713s] Level 1:colcon.colcon_core.package_discovery:discover_packages(recursive) check parameters
[0.713s] Level 1:colcon.colcon_core.package_discovery:discover_packages(ignore) check parameters
[0.713s] Level 1:colcon.colcon_core.package_discovery:discover_packages(path) check parameters
[0.713s] Level 1:colcon.colcon_core.package_discovery:discover_packages(colcon_meta) discover
[0.713s] Level 1:colcon.colcon_core.package_discovery:discover_packages(recursive) discover
[0.713s] INFO:colcon.colcon_core.package_discovery:Crawling recursively for packages in '/home/hmt/shortest_path_weighted/src/shortest_path_viz'
[0.714s] Level 1:colcon.colcon_core.package_identification:_identify(.) by extensions ['ignore', 'ignore_ament_install']
[0.714s] Level 1:colcon.colcon_core.package_identification:_identify(.) by extension 'ignore'
[0.714s] Level 1:colcon.colcon_core.package_identification:_identify(.) by extension 'ignore_ament_install'
[0.714s] Level 1:colcon.colcon_core.package_identification:_identify(.) by extensions ['colcon_pkg']
[0.714s] Level 1:colcon.colcon_core.package_identification:_identify(.) by extension 'colcon_pkg'
[0.714s] Level 1:colcon.colcon_core.package_identification:_identify(.) by extensions ['colcon_meta']
[0.714s] Level 1:colcon.colcon_core.package_identification:_identify(.) by extension 'colcon_meta'
[0.714s] Level 1:colcon.colcon_core.package_identification:_identify(.) by extensions ['ros']
[0.714s] Level 1:colcon.colcon_core.package_identification:_identify(.) by extension 'ros'
[0.736s] DEBUG:colcon.colcon_core.package_identification:Package '.' with type 'ros.ament_cmake' and name 'shortest_path_viz'
[0.736s] Level 1:colcon.colcon_core.package_discovery:discover_packages(recursive) using defaults
[0.737s] Level 1:colcon.colcon_core.package_discovery:discover_packages(ignore) discover
[0.737s] Level 1:colcon.colcon_core.package_discovery:discover_packages(ignore) using defaults
[0.737s] Level 1:colcon.colcon_core.package_discovery:discover_packages(path) discover
[0.737s] Level 1:colcon.colcon_core.package_discovery:discover_packages(path) using defaults
[0.765s] Level 1:colcon.colcon_core.package_discovery:discover_packages(prefix_path) check parameters
[0.765s] Level 1:colcon.colcon_core.package_discovery:discover_packages(prefix_path) discover
[0.769s] DEBUG:colcon.colcon_installed_package_information.package_discovery:Found 2 installed packages in /home/hmt/ros2_ws/install
[0.772s] DEBUG:colcon.colcon_installed_package_information.package_discovery:Found 276 installed packages in /opt/ros/humble
[0.791s] Level 1:colcon.colcon_core.package_discovery:discover_packages(prefix_path) using defaults
[0.834s] Level 5:colcon.colcon_core.verb:set package 'shortest_path_viz' build argument 'cmake_args' from command line to 'None'
[0.834s] Level 5:colcon.colcon_core.verb:set package 'shortest_path_viz' build argument 'cmake_target' from command line to 'None'
[0.834s] Level 5:colcon.colcon_core.verb:set package 'shortest_path_viz' build argument 'cmake_target_skip_unavailable' from command line to 'False'
[0.834s] Level 5:colcon.colcon_core.verb:set package 'shortest_path_viz' build argument 'cmake_clean_cache' from command line to 'False'
[0.834s] Level 5:colcon.colcon_core.verb:set package 'shortest_path_viz' build argument 'cmake_clean_first' from command line to 'False'
[0.834s] Level 5:colcon.colcon_core.verb:set package 'shortest_path_viz' build argument 'cmake_force_configure' from command line to 'False'
[0.834s] Level 5:colcon.colcon_core.verb:set package 'shortest_path_viz' build argument 'ament_cmake_args' from command line to 'None'
[0.834s] Level 5:colcon.colcon_core.verb:set package 'shortest_path_viz' build argument 'catkin_cmake_args' from command line to 'None'
[0.834s] Level 5:colcon.colcon_core.verb:set package 'shortest_path_viz' build argument 'catkin_skip_building_tests' from command line to 'False'
[0.834s] DEBUG:colcon.colcon_core.verb:Building package 'shortest_path_viz' with the following arguments: {'ament_cmake_args': None, 'build_base': '/home/hmt/shortest_path_weighted/src/shortest_path_viz/build/shortest_path_viz', 'catkin_cmake_args': None, 'catkin_skip_building_tests': False, 'cmake_args': None, 'cmake_clean_cache': False, 'cmake_clean_first': False, 'cmake_force_configure': False, 'cmake_target': None, 'cmake_target_skip_unavailable': False, 'install_base': '/home/hmt/shortest_path_weighted/src/shortest_path_viz/install/shortest_path_viz', 'merge_install': False, 'path': '/home/hmt/shortest_path_weighted/src/shortest_path_viz', 'symlink_install': False, 'test_result_base': None}
[0.834s] INFO:colcon.colcon_core.executor:Executing jobs using 'parallel' executor
[0.838s] DEBUG:colcon.colcon_parallel_executor.executor.parallel:run_until_complete
[0.839s] INFO:colcon.colcon_ros.task.ament_cmake.build:Building ROS package in '/home/hmt/shortest_path_weighted/src/shortest_path_viz' with build type 'ament_cmake'
[0.840s] INFO:colcon.colcon_cmake.task.cmake.build:Building CMake package in '/home/hmt/shortest_path_weighted/src/shortest_path_viz'
[0.844s] INFO:colcon.colcon_core.plugin_system:Skipping extension 'colcon_core.shell.bat': Not used on non-Windows systems
[0.845s] INFO:colcon.colcon_core.shell:Skip shell extension 'powershell' for command environment: Not usable outside of PowerShell
[0.845s] DEBUG:colcon.colcon_core.shell:Skip shell extension 'dsv' for command environment
[0.869s] DEBUG:colcon.colcon_core.event_handler.log_command:Invoking command in '/home/hmt/shortest_path_weighted/src/shortest_path_viz/build/shortest_path_viz': CMAKE_PREFIX_PATH=/home/hmt/ros2_ws/install/distance_warning:/opt/ros/humble:${CMAKE_PREFIX_PATH} /usr/bin/cmake --build /home/hmt/shortest_path_weighted/src/shortest_path_viz/build/shortest_path_viz -- -j8 -l8
[13.437s] DEBUG:colcon.colcon_core.event_handler.log_command:Invoked command in '/home/hmt/shortest_path_weighted/src/shortest_path_viz/build/shortest_path_viz' returned '0': CMAKE_PREFIX_PATH=/home/hmt/ros2_ws/install/distance_warning:/opt/ros/humble:${CMAKE_PREFIX_PATH} /usr/bin/cmake --build /home/hmt/shortest_path_weighted/src/shortest_path_viz/build/shortest_path_viz -- -j8 -l8
[13.464s] DEBUG:colcon.colcon_core.event_handler.log_command:Invoking command in '/home/hmt/shortest_path_weighted/src/shortest_path_viz/build/shortest_path_viz': CMAKE_PREFIX_PATH=/home/hmt/ros2_ws/install/distance_warning:/opt/ros/humble:${CMAKE_PREFIX_PATH} /usr/bin/cmake --install /home/hmt/shortest_path_weighted/src/shortest_path_viz/build/shortest_path_viz
[13.500s] Level 1:colcon.colcon_core.environment:create_environment_scripts_only(shortest_path_viz)
[13.514s] DEBUG:colcon.colcon_core.event_handler.log_command:Invoked command in '/home/hmt/shortest_path_weighted/src/shortest_path_viz/build/shortest_path_viz' returned '0': CMAKE_PREFIX_PATH=/home/hmt/ros2_ws/install/distance_warning:/opt/ros/humble:${CMAKE_PREFIX_PATH} /usr/bin/cmake --install /home/hmt/shortest_path_weighted/src/shortest_path_viz/build/shortest_path_viz
[13.520s] Level 1:colcon.colcon_core.environment:checking '/home/hmt/shortest_path_weighted/src/shortest_path_viz/install/shortest_path_viz' for CMake module files
[13.521s] Level 1:colcon.colcon_core.environment:checking '/home/hmt/shortest_path_weighted/src/shortest_path_viz/install/shortest_path_viz' for CMake config files
[13.522s] Level 1:colcon.colcon_core.shell:create_environment_hook('shortest_path_viz', 'cmake_prefix_path')
[13.523s] INFO:colcon.colcon_core.shell:Creating environment hook '/home/hmt/shortest_path_weighted/src/shortest_path_viz/install/shortest_path_viz/share/shortest_path_viz/hook/cmake_prefix_path.ps1'
[13.528s] INFO:colcon.colcon_core.shell:Creating environment descriptor '/home/hmt/shortest_path_weighted/src/shortest_path_viz/install/shortest_path_viz/share/shortest_path_viz/hook/cmake_prefix_path.dsv'
[13.530s] INFO:colcon.colcon_core.shell:Creating environment hook '/home/hmt/shortest_path_weighted/src/shortest_path_viz/install/shortest_path_viz/share/shortest_path_viz/hook/cmake_prefix_path.sh'
[13.539s] Level 1:colcon.colcon_core.environment:checking '/home/hmt/shortest_path_weighted/src/shortest_path_viz/install/shortest_path_viz/lib'
[13.541s] Level 1:colcon.colcon_core.environment:checking '/home/hmt/shortest_path_weighted/src/shortest_path_viz/install/shortest_path_viz/bin'
[13.542s] Level 1:colcon.colcon_core.environment:checking '/home/hmt/shortest_path_weighted/src/shortest_path_viz/install/shortest_path_viz/lib/pkgconfig/shortest_path_viz.pc'
[13.545s] Level 1:colcon.colcon_core.environment:checking '/home/hmt/shortest_path_weighted/src/shortest_path_viz/install/shortest_path_viz/lib/python3.10/site-packages'
[13.546s] Level 1:colcon.colcon_core.environment:checking '/home/hmt/shortest_path_weighted/src/shortest_path_viz/install/shortest_path_viz/bin'
[13.546s] INFO:colcon.colcon_core.shell:Creating package script '/home/hmt/shortest_path_weighted/src/shortest_path_viz/install/shortest_path_viz/share/shortest_path_viz/package.ps1'
[13.548s] INFO:colcon.colcon_core.shell:Creating package descriptor '/home/hmt/shortest_path_weighted/src/shortest_path_viz/install/shortest_path_viz/share/shortest_path_viz/package.dsv'
[13.549s] INFO:colcon.colcon_core.shell:Creating package script '/home/hmt/shortest_path_weighted/src/shortest_path_viz/install/shortest_path_viz/share/shortest_path_viz/package.sh'
[13.550s] INFO:colcon.colcon_core.shell:Creating package script '/home/hmt/shortest_path_weighted/src/shortest_path_viz/install/shortest_path_viz/share/shortest_path_viz/package.bash'
[13.552s] INFO:colcon.colcon_core.shell:Creating package script '/home/hmt/shortest_path_weighted/src/shortest_path_viz/install/shortest_path_viz/share/shortest_path_viz/package.zsh'
[13.553s] Level 1:colcon.colcon_core.environment:create_file_with_runtime_dependencies(/home/hmt/shortest_path_weighted/src/shortest_path_viz/install/shortest_path_viz/share/colcon-core/packages/shortest_path_viz)
[13.554s] Level 1:colcon.colcon_core.environment:create_environment_scripts_only(shortest_path_viz)
[13.555s] Level 1:colcon.colcon_core.environment:checking '/home/hmt/shortest_path_weighted/src/shortest_path_viz/install/shortest_path_viz' for CMake module files
[13.557s] Level 1:colcon.colcon_core.environment:checking '/home/hmt/shortest_path_weighted/src/shortest_path_viz/install/shortest_path_viz' for CMake config files
[13.560s] Level 1:colcon.colcon_core.shell:create_environment_hook('shortest_path_viz', 'cmake_prefix_path')
[13.561s] INFO:colcon.colcon_core.shell:Creating environment hook '/home/hmt/shortest_path_weighted/src/shortest_path_viz/install/shortest_path_viz/share/shortest_path_viz/hook/cmake_prefix_path.ps1'
[13.563s] INFO:colcon.colcon_core.shell:Creating environment descriptor '/home/hmt/shortest_path_weighted/src/shortest_path_viz/install/shortest_path_viz/share/shortest_path_viz/hook/cmake_prefix_path.dsv'
[13.564s] INFO:colcon.colcon_core.shell:Creating environment hook '/home/hmt/shortest_path_weighted/src/shortest_path_viz/install/shortest_path_viz/share/shortest_path_viz/hook/cmake_prefix_path.sh'
[13.565s] Level 1:colcon.colcon_core.environment:checking '/home/hmt/shortest_path_weighted/src/shortest_path_viz/install/shortest_path_viz/lib'
[13.566s] Level 1:colcon.colcon_core.environment:checking '/home/hmt/shortest_path_weighted/src/shortest_path_viz/install/shortest_path_viz/bin'
[13.566s] Level 1:colcon.colcon_core.environment:checking '/home/hmt/shortest_path_weighted/src/shortest_path_viz/install/shortest_path_viz/lib/pkgconfig/shortest_path_viz.pc'
[13.566s] Level 1:colcon.colcon_core.environment:checking '/home/hmt/shortest_path_weighted/src/shortest_path_viz/install/shortest_path_viz/lib/python3.10/site-packages'
[13.567s] Level 1:colcon.colcon_core.environment:checking '/home/hmt/shortest_path_weighted/src/shortest_path_viz/install/shortest_path_viz/bin'
[13.567s] INFO:colcon.colcon_core.shell:Creating package script '/home/hmt/shortest_path_weighted/src/shortest_path_viz/install/shortest_path_viz/share/shortest_path_viz/package.ps1'
[13.568s] INFO:colcon.colcon_core.shell:Creating package descriptor '/home/hmt/shortest_path_weighted/src/shortest_path_viz/install/shortest_path_viz/share/shortest_path_viz/package.dsv'
[13.569s] INFO:colcon.colcon_core.shell:Creating package script '/home/hmt/shortest_path_weighted/src/shortest_path_viz/install/shortest_path_viz/share/shortest_path_viz/package.sh'
[13.570s] INFO:colcon.colcon_core.shell:Creating package script '/home/hmt/shortest_path_weighted/src/shortest_path_viz/install/shortest_path_viz/share/shortest_path_viz/package.bash'
[13.571s] INFO:colcon.colcon_core.shell:Creating package script '/home/hmt/shortest_path_weighted/src/shortest_path_viz/install/shortest_path_viz/share/shortest_path_viz/package.zsh'
[13.572s] Level 1:colcon.colcon_core.environment:create_file_with_runtime_dependencies(/home/hmt/shortest_path_weighted/src/shortest_path_viz/install/shortest_path_viz/share/colcon-core/packages/shortest_path_viz)
[13.574s] DEBUG:colcon.colcon_parallel_executor.executor.parallel:closing loop
[13.580s] DEBUG:colcon.colcon_parallel_executor.executor.parallel:loop closed
[13.581s] DEBUG:colcon.colcon_parallel_executor.executor.parallel:run_until_complete finished with '0'
[13.581s] DEBUG:colcon.colcon_core.event_reactor:joining thread
[13.723s] INFO:colcon.colcon_core.plugin_system:Skipping extension 'colcon_notification.desktop_notification.notify_send': Could not find 'notify-send'
[13.724s] INFO:colcon.colcon_core.plugin_system:Skipping extension 'colcon_notification.desktop_notification.terminal_notifier': Not used on non-Darwin systems
[13.724s] INFO:colcon.colcon_core.plugin_system:Skipping extension 'colcon_notification.desktop_notification.win32': Not used on non-Windows systems
[13.724s] INFO:colcon.colcon_notification.desktop_notification:Sending desktop notification using 'notify2'
[13.724s] DEBUG:colcon.colcon_notification.desktop_notification.notify2:Failed to initialize notify2: org.freedesktop.DBus.Error.FileNotFound: Failed to connect to socket /run/user/1000/bus: No such file or directory
[13.725s] DEBUG:colcon.colcon_core.event_reactor:joined thread
[13.725s] INFO:colcon.colcon_core.shell:Creating prefix script '/home/hmt/shortest_path_weighted/src/shortest_path_viz/install/local_setup.ps1'
[13.729s] INFO:colcon.colcon_core.shell:Creating prefix util module '/home/hmt/shortest_path_weighted/src/shortest_path_viz/install/_local_setup_util_ps1.py'
[13.736s] INFO:colcon.colcon_core.shell:Creating prefix chain script '/home/hmt/shortest_path_weighted/src/shortest_path_viz/install/setup.ps1'
[13.738s] INFO:colcon.colcon_core.shell:Creating prefix script '/home/hmt/shortest_path_weighted/src/shortest_path_viz/install/local_setup.sh'
[13.740s] INFO:colcon.colcon_core.shell:Creating prefix util module '/home/hmt/shortest_path_weighted/src/shortest_path_viz/install/_local_setup_util_sh.py'
[13.742s] INFO:colcon.colcon_core.shell:Creating prefix chain script '/home/hmt/shortest_path_weighted/src/shortest_path_viz/install/setup.sh'
[13.751s] INFO:colcon.colcon_core.shell:Creating prefix script '/home/hmt/shortest_path_weighted/src/shortest_path_viz/install/local_setup.bash'
[13.753s] INFO:colcon.colcon_core.shell:Creating prefix chain script '/home/hmt/shortest_path_weighted/src/shortest_path_viz/install/setup.bash'
[13.757s] INFO:colcon.colcon_core.shell:Creating prefix script '/home/hmt/shortest_path_weighted/src/shortest_path_viz/install/local_setup.zsh'
[13.759s] INFO:colcon.colcon_core.shell:Creating prefix chain script '/home/hmt/shortest_path_weighted/src/shortest_path_viz/install/setup.zsh'
