[0.784s] DEBUG:colcon:Command line arguments: ['/usr/bin/colcon', 'build', '--packages-select', 'shortest_path_viz']
[0.785s] DEBUG:colcon:Parsed command line arguments: Namespace(log_base=None, log_level=None, verb_name='build', build_base='build', install_base='install', merge_install=False, symlink_install=False, test_result_base=None, continue_on_error=False, executor='parallel', parallel_workers=8, event_handlers=None, ignore_user_meta=False, metas=['./colcon.meta'], base_paths=['.'], packages_ignore=None, packages_ignore_regex=None, paths=None, packages_up_to=None, packages_up_to_regex=None, packages_above=None, packages_above_and_dependencies=None, packages_above_depth=None, packages_select_by_dep=None, packages_skip_by_dep=None, packages_skip_up_to=None, packages_select_build_failed=False, packages_skip_build_finished=False, packages_select_test_failures=False, packages_skip_test_passed=False, packages_select=['shortest_path_viz'], packages_skip=None, packages_select_regex=None, packages_skip_regex=None, packages_start=None, packages_end=None, allow_overriding=[], cmake_args=None, cmake_target=None, cmake_target_skip_unavailable=False, cmake_clean_cache=False, cmake_clean_first=False, cmake_force_configure=False, ament_cmake_args=None, catkin_cmake_args=None, catkin_skip_building_tests=False, mixin_files=None, mixin=None, verb_parser=<colcon_mixin.mixin.mixin_argument.MixinArgumentDecorator object at 0x7de5f3548790>, verb_extension=<colcon_core.verb.build.BuildVerb object at 0x7de5f3649630>, main=<bound method BuildVerb.main of <colcon_core.verb.build.BuildVerb object at 0x7de5f3649630>>, mixin_verb=('build',))
[1.417s] Level 1:colcon.colcon_core.package_discovery:discover_packages(colcon_meta) check parameters
[1.417s] Level 1:colcon.colcon_core.package_discovery:discover_packages(recursive) check parameters
[1.417s] Level 1:colcon.colcon_core.package_discovery:discover_packages(ignore) check parameters
[1.417s] Level 1:colcon.colcon_core.package_discovery:discover_packages(path) check parameters
[1.418s] Level 1:colcon.colcon_core.package_discovery:discover_packages(colcon_meta) discover
[1.418s] Level 1:colcon.colcon_core.package_discovery:discover_packages(recursive) discover
[1.418s] INFO:colcon.colcon_core.package_discovery:Crawling recursively for packages in '/home/hmt/shortest_path_weighted'
[1.418s] Level 1:colcon.colcon_core.package_identification:_identify(.) by extensions ['ignore', 'ignore_ament_install']
[1.419s] Level 1:colcon.colcon_core.package_identification:_identify(.) by extension 'ignore'
[1.419s] Level 1:colcon.colcon_core.package_identification:_identify(.) by extension 'ignore_ament_install'
[1.419s] Level 1:colcon.colcon_core.package_identification:_identify(.) by extensions ['colcon_pkg']
[1.420s] Level 1:colcon.colcon_core.package_identification:_identify(.) by extension 'colcon_pkg'
[1.420s] Level 1:colcon.colcon_core.package_identification:_identify(.) by extensions ['colcon_meta']
[1.420s] Level 1:colcon.colcon_core.package_identification:_identify(.) by extension 'colcon_meta'
[1.420s] Level 1:colcon.colcon_core.package_identification:_identify(.) by extensions ['ros']
[1.420s] Level 1:colcon.colcon_core.package_identification:_identify(.) by extension 'ros'
[1.444s] Level 1:colcon.colcon_core.package_identification:_identify(.) by extensions ['cmake', 'python']
[1.444s] Level 1:colcon.colcon_core.package_identification:_identify(.) by extension 'cmake'
[1.444s] Level 1:colcon.colcon_core.package_identification:_identify(.) by extension 'python'
[1.444s] Level 1:colcon.colcon_core.package_identification:_identify(.) by extensions ['python_setup_py']
[1.444s] Level 1:colcon.colcon_core.package_identification:_identify(.) by extension 'python_setup_py'
[1.445s] Level 1:colcon.colcon_core.package_identification:_identify(build) by extensions ['ignore', 'ignore_ament_install']
[1.445s] Level 1:colcon.colcon_core.package_identification:_identify(build) by extension 'ignore'
[1.445s] Level 1:colcon.colcon_core.package_identification:_identify(build) ignored
[1.446s] Level 1:colcon.colcon_core.package_identification:_identify(install) by extensions ['ignore', 'ignore_ament_install']
[1.446s] Level 1:colcon.colcon_core.package_identification:_identify(install) by extension 'ignore'
[1.446s] Level 1:colcon.colcon_core.package_identification:_identify(install) ignored
[1.446s] Level 1:colcon.colcon_core.package_identification:_identify(log) by extensions ['ignore', 'ignore_ament_install']
[1.446s] Level 1:colcon.colcon_core.package_identification:_identify(log) by extension 'ignore'
[1.446s] Level 1:colcon.colcon_core.package_identification:_identify(log) ignored
[1.447s] Level 1:colcon.colcon_core.package_identification:_identify(models) by extensions ['ignore', 'ignore_ament_install']
[1.447s] Level 1:colcon.colcon_core.package_identification:_identify(models) by extension 'ignore'
[1.448s] Level 1:colcon.colcon_core.package_identification:_identify(models) by extension 'ignore_ament_install'
[1.448s] Level 1:colcon.colcon_core.package_identification:_identify(models) by extensions ['colcon_pkg']
[1.448s] Level 1:colcon.colcon_core.package_identification:_identify(models) by extension 'colcon_pkg'
[1.448s] Level 1:colcon.colcon_core.package_identification:_identify(models) by extensions ['colcon_meta']
[1.448s] Level 1:colcon.colcon_core.package_identification:_identify(models) by extension 'colcon_meta'
[1.448s] Level 1:colcon.colcon_core.package_identification:_identify(models) by extensions ['ros']
[1.448s] Level 1:colcon.colcon_core.package_identification:_identify(models) by extension 'ros'
[1.449s] Level 1:colcon.colcon_core.package_identification:_identify(models) by extensions ['cmake', 'python']
[1.449s] Level 1:colcon.colcon_core.package_identification:_identify(models) by extension 'cmake'
[1.449s] Level 1:colcon.colcon_core.package_identification:_identify(models) by extension 'python'
[1.450s] Level 1:colcon.colcon_core.package_identification:_identify(models) by extensions ['python_setup_py']
[1.450s] Level 1:colcon.colcon_core.package_identification:_identify(models) by extension 'python_setup_py'
[1.452s] Level 1:colcon.colcon_core.package_identification:_identify(src) by extensions ['ignore', 'ignore_ament_install']
[1.452s] Level 1:colcon.colcon_core.package_identification:_identify(src) by extension 'ignore'
[1.452s] Level 1:colcon.colcon_core.package_identification:_identify(src) by extension 'ignore_ament_install'
[1.453s] Level 1:colcon.colcon_core.package_identification:_identify(src) by extensions ['colcon_pkg']
[1.453s] Level 1:colcon.colcon_core.package_identification:_identify(src) by extension 'colcon_pkg'
[1.453s] Level 1:colcon.colcon_core.package_identification:_identify(src) by extensions ['colcon_meta']
[1.453s] Level 1:colcon.colcon_core.package_identification:_identify(src) by extension 'colcon_meta'
[1.453s] Level 1:colcon.colcon_core.package_identification:_identify(src) by extensions ['ros']
[1.454s] Level 1:colcon.colcon_core.package_identification:_identify(src) by extension 'ros'
[1.454s] Level 1:colcon.colcon_core.package_identification:_identify(src) by extensions ['cmake', 'python']
[1.454s] Level 1:colcon.colcon_core.package_identification:_identify(src) by extension 'cmake'
[1.454s] Level 1:colcon.colcon_core.package_identification:_identify(src) by extension 'python'
[1.454s] Level 1:colcon.colcon_core.package_identification:_identify(src) by extensions ['python_setup_py']
[1.454s] Level 1:colcon.colcon_core.package_identification:_identify(src) by extension 'python_setup_py'
[1.455s] Level 1:colcon.colcon_core.package_identification:_identify(src/shortest_path_viz) by extensions ['ignore', 'ignore_ament_install']
[1.455s] Level 1:colcon.colcon_core.package_identification:_identify(src/shortest_path_viz) by extension 'ignore'
[1.455s] Level 1:colcon.colcon_core.package_identification:_identify(src/shortest_path_viz) by extension 'ignore_ament_install'
[1.455s] Level 1:colcon.colcon_core.package_identification:_identify(src/shortest_path_viz) by extensions ['colcon_pkg']
[1.455s] Level 1:colcon.colcon_core.package_identification:_identify(src/shortest_path_viz) by extension 'colcon_pkg'
[1.455s] Level 1:colcon.colcon_core.package_identification:_identify(src/shortest_path_viz) by extensions ['colcon_meta']
[1.455s] Level 1:colcon.colcon_core.package_identification:_identify(src/shortest_path_viz) by extension 'colcon_meta'
[1.455s] Level 1:colcon.colcon_core.package_identification:_identify(src/shortest_path_viz) by extensions ['ros']
[1.456s] Level 1:colcon.colcon_core.package_identification:_identify(src/shortest_path_viz) by extension 'ros'
[1.461s] DEBUG:colcon.colcon_core.package_identification:Package 'src/shortest_path_viz' with type 'ros.ament_cmake' and name 'shortest_path_viz'
[1.462s] Level 1:colcon.colcon_core.package_discovery:discover_packages(recursive) using defaults
[1.462s] Level 1:colcon.colcon_core.package_discovery:discover_packages(ignore) discover
[1.462s] Level 1:colcon.colcon_core.package_discovery:discover_packages(ignore) using defaults
[1.462s] Level 1:colcon.colcon_core.package_discovery:discover_packages(path) discover
[1.462s] Level 1:colcon.colcon_core.package_discovery:discover_packages(path) using defaults
[1.526s] Level 1:colcon.colcon_core.package_discovery:discover_packages(prefix_path) check parameters
[1.526s] Level 1:colcon.colcon_core.package_discovery:discover_packages(prefix_path) discover
[1.538s] DEBUG:colcon.colcon_installed_package_information.package_discovery:Found 1 installed packages in /home/hmt/shortest_path_weighted/install
[1.539s] DEBUG:colcon.colcon_installed_package_information.package_discovery:Found 2 installed packages in /home/hmt/ros2_ws/install
[1.542s] DEBUG:colcon.colcon_installed_package_information.package_discovery:Found 276 installed packages in /opt/ros/humble
[1.561s] Level 1:colcon.colcon_core.package_discovery:discover_packages(prefix_path) using defaults
[1.771s] Level 5:colcon.colcon_core.verb:set package 'shortest_path_viz' build argument 'cmake_args' from command line to 'None'
[1.771s] Level 5:colcon.colcon_core.verb:set package 'shortest_path_viz' build argument 'cmake_target' from command line to 'None'
[1.771s] Level 5:colcon.colcon_core.verb:set package 'shortest_path_viz' build argument 'cmake_target_skip_unavailable' from command line to 'False'
[1.771s] Level 5:colcon.colcon_core.verb:set package 'shortest_path_viz' build argument 'cmake_clean_cache' from command line to 'False'
[1.771s] Level 5:colcon.colcon_core.verb:set package 'shortest_path_viz' build argument 'cmake_clean_first' from command line to 'False'
[1.771s] Level 5:colcon.colcon_core.verb:set package 'shortest_path_viz' build argument 'cmake_force_configure' from command line to 'False'
[1.772s] Level 5:colcon.colcon_core.verb:set package 'shortest_path_viz' build argument 'ament_cmake_args' from command line to 'None'
[1.772s] Level 5:colcon.colcon_core.verb:set package 'shortest_path_viz' build argument 'catkin_cmake_args' from command line to 'None'
[1.772s] Level 5:colcon.colcon_core.verb:set package 'shortest_path_viz' build argument 'catkin_skip_building_tests' from command line to 'False'
[1.772s] DEBUG:colcon.colcon_core.verb:Building package 'shortest_path_viz' with the following arguments: {'ament_cmake_args': None, 'build_base': '/home/hmt/shortest_path_weighted/build/shortest_path_viz', 'catkin_cmake_args': None, 'catkin_skip_building_tests': False, 'cmake_args': None, 'cmake_clean_cache': False, 'cmake_clean_first': False, 'cmake_force_configure': False, 'cmake_target': None, 'cmake_target_skip_unavailable': False, 'install_base': '/home/hmt/shortest_path_weighted/install/shortest_path_viz', 'merge_install': False, 'path': '/home/hmt/shortest_path_weighted/src/shortest_path_viz', 'symlink_install': False, 'test_result_base': None}
[1.772s] INFO:colcon.colcon_core.executor:Executing jobs using 'parallel' executor
[1.774s] DEBUG:colcon.colcon_parallel_executor.executor.parallel:run_until_complete
[1.775s] INFO:colcon.colcon_ros.task.ament_cmake.build:Building ROS package in '/home/hmt/shortest_path_weighted/src/shortest_path_viz' with build type 'ament_cmake'
[1.775s] INFO:colcon.colcon_cmake.task.cmake.build:Building CMake package in '/home/hmt/shortest_path_weighted/src/shortest_path_viz'
[1.794s] INFO:colcon.colcon_core.plugin_system:Skipping extension 'colcon_core.shell.bat': Not used on non-Windows systems
[1.794s] INFO:colcon.colcon_core.shell:Skip shell extension 'powershell' for command environment: Not usable outside of PowerShell
[1.794s] DEBUG:colcon.colcon_core.shell:Skip shell extension 'dsv' for command environment
[1.826s] DEBUG:colcon.colcon_core.event_handler.log_command:Invoking command in '/home/hmt/shortest_path_weighted/build/shortest_path_viz': CMAKE_PREFIX_PATH=/home/hmt/shortest_path_weighted/install/shortest_path_viz:/home/hmt/ros2_ws/install/distance_warning:/opt/ros/humble:/home/hmt/ros2_ws/install/distance_warning_interfaces /usr/bin/cmake --build /home/hmt/shortest_path_weighted/build/shortest_path_viz -- -j8 -l8
[14.348s] DEBUG:colcon.colcon_core.event_handler.log_command:Invoked command in '/home/hmt/shortest_path_weighted/build/shortest_path_viz' returned '0': CMAKE_PREFIX_PATH=/home/hmt/shortest_path_weighted/install/shortest_path_viz:/home/hmt/ros2_ws/install/distance_warning:/opt/ros/humble:/home/hmt/ros2_ws/install/distance_warning_interfaces /usr/bin/cmake --build /home/hmt/shortest_path_weighted/build/shortest_path_viz -- -j8 -l8
[14.368s] DEBUG:colcon.colcon_core.event_handler.log_command:Invoking command in '/home/hmt/shortest_path_weighted/build/shortest_path_viz': CMAKE_PREFIX_PATH=/home/hmt/shortest_path_weighted/install/shortest_path_viz:/home/hmt/ros2_ws/install/distance_warning:/opt/ros/humble:/home/hmt/ros2_ws/install/distance_warning_interfaces /usr/bin/cmake --install /home/hmt/shortest_path_weighted/build/shortest_path_viz
[14.399s] Level 1:colcon.colcon_core.environment:create_environment_scripts_only(shortest_path_viz)
[14.401s] DEBUG:colcon.colcon_core.event_handler.log_command:Invoked command in '/home/hmt/shortest_path_weighted/build/shortest_path_viz' returned '0': CMAKE_PREFIX_PATH=/home/hmt/shortest_path_weighted/install/shortest_path_viz:/home/hmt/ros2_ws/install/distance_warning:/opt/ros/humble:/home/hmt/ros2_ws/install/distance_warning_interfaces /usr/bin/cmake --install /home/hmt/shortest_path_weighted/build/shortest_path_viz
[14.415s] Level 1:colcon.colcon_core.environment:checking '/home/hmt/shortest_path_weighted/install/shortest_path_viz' for CMake module files
[14.418s] Level 1:colcon.colcon_core.environment:checking '/home/hmt/shortest_path_weighted/install/shortest_path_viz' for CMake config files
[14.425s] Level 1:colcon.colcon_core.shell:create_environment_hook('shortest_path_viz', 'cmake_prefix_path')
[14.426s] INFO:colcon.colcon_core.shell:Creating environment hook '/home/hmt/shortest_path_weighted/install/shortest_path_viz/share/shortest_path_viz/hook/cmake_prefix_path.ps1'
[14.427s] INFO:colcon.colcon_core.shell:Creating environment descriptor '/home/hmt/shortest_path_weighted/install/shortest_path_viz/share/shortest_path_viz/hook/cmake_prefix_path.dsv'
[14.429s] INFO:colcon.colcon_core.shell:Creating environment hook '/home/hmt/shortest_path_weighted/install/shortest_path_viz/share/shortest_path_viz/hook/cmake_prefix_path.sh'
[14.431s] Level 1:colcon.colcon_core.environment:checking '/home/hmt/shortest_path_weighted/install/shortest_path_viz/lib'
[14.431s] Level 1:colcon.colcon_core.environment:checking '/home/hmt/shortest_path_weighted/install/shortest_path_viz/bin'
[14.432s] Level 1:colcon.colcon_core.environment:checking '/home/hmt/shortest_path_weighted/install/shortest_path_viz/lib/pkgconfig/shortest_path_viz.pc'
[14.433s] Level 1:colcon.colcon_core.environment:checking '/home/hmt/shortest_path_weighted/install/shortest_path_viz/lib/python3.10/site-packages'
[14.434s] Level 1:colcon.colcon_core.environment:checking '/home/hmt/shortest_path_weighted/install/shortest_path_viz/bin'
[14.435s] INFO:colcon.colcon_core.shell:Creating package script '/home/hmt/shortest_path_weighted/install/shortest_path_viz/share/shortest_path_viz/package.ps1'
[14.438s] INFO:colcon.colcon_core.shell:Creating package descriptor '/home/hmt/shortest_path_weighted/install/shortest_path_viz/share/shortest_path_viz/package.dsv'
[14.439s] INFO:colcon.colcon_core.shell:Creating package script '/home/hmt/shortest_path_weighted/install/shortest_path_viz/share/shortest_path_viz/package.sh'
[14.440s] INFO:colcon.colcon_core.shell:Creating package script '/home/hmt/shortest_path_weighted/install/shortest_path_viz/share/shortest_path_viz/package.bash'
[14.442s] INFO:colcon.colcon_core.shell:Creating package script '/home/hmt/shortest_path_weighted/install/shortest_path_viz/share/shortest_path_viz/package.zsh'
[14.443s] Level 1:colcon.colcon_core.environment:create_file_with_runtime_dependencies(/home/hmt/shortest_path_weighted/install/shortest_path_viz/share/colcon-core/packages/shortest_path_viz)
[14.444s] Level 1:colcon.colcon_core.environment:create_environment_scripts_only(shortest_path_viz)
[14.444s] Level 1:colcon.colcon_core.environment:checking '/home/hmt/shortest_path_weighted/install/shortest_path_viz' for CMake module files
[14.445s] Level 1:colcon.colcon_core.environment:checking '/home/hmt/shortest_path_weighted/install/shortest_path_viz' for CMake config files
[14.445s] Level 1:colcon.colcon_core.shell:create_environment_hook('shortest_path_viz', 'cmake_prefix_path')
[14.446s] INFO:colcon.colcon_core.shell:Creating environment hook '/home/hmt/shortest_path_weighted/install/shortest_path_viz/share/shortest_path_viz/hook/cmake_prefix_path.ps1'
[14.447s] INFO:colcon.colcon_core.shell:Creating environment descriptor '/home/hmt/shortest_path_weighted/install/shortest_path_viz/share/shortest_path_viz/hook/cmake_prefix_path.dsv'
[14.451s] INFO:colcon.colcon_core.shell:Creating environment hook '/home/hmt/shortest_path_weighted/install/shortest_path_viz/share/shortest_path_viz/hook/cmake_prefix_path.sh'
[14.453s] Level 1:colcon.colcon_core.environment:checking '/home/hmt/shortest_path_weighted/install/shortest_path_viz/lib'
[14.454s] Level 1:colcon.colcon_core.environment:checking '/home/hmt/shortest_path_weighted/install/shortest_path_viz/bin'
[14.454s] Level 1:colcon.colcon_core.environment:checking '/home/hmt/shortest_path_weighted/install/shortest_path_viz/lib/pkgconfig/shortest_path_viz.pc'
[14.454s] Level 1:colcon.colcon_core.environment:checking '/home/hmt/shortest_path_weighted/install/shortest_path_viz/lib/python3.10/site-packages'
[14.455s] Level 1:colcon.colcon_core.environment:checking '/home/hmt/shortest_path_weighted/install/shortest_path_viz/bin'
[14.455s] INFO:colcon.colcon_core.shell:Creating package script '/home/hmt/shortest_path_weighted/install/shortest_path_viz/share/shortest_path_viz/package.ps1'
[14.456s] INFO:colcon.colcon_core.shell:Creating package descriptor '/home/hmt/shortest_path_weighted/install/shortest_path_viz/share/shortest_path_viz/package.dsv'
[14.457s] INFO:colcon.colcon_core.shell:Creating package script '/home/hmt/shortest_path_weighted/install/shortest_path_viz/share/shortest_path_viz/package.sh'
[14.457s] INFO:colcon.colcon_core.shell:Creating package script '/home/hmt/shortest_path_weighted/install/shortest_path_viz/share/shortest_path_viz/package.bash'
[14.458s] INFO:colcon.colcon_core.shell:Creating package script '/home/hmt/shortest_path_weighted/install/shortest_path_viz/share/shortest_path_viz/package.zsh'
[14.459s] Level 1:colcon.colcon_core.environment:create_file_with_runtime_dependencies(/home/hmt/shortest_path_weighted/install/shortest_path_viz/share/colcon-core/packages/shortest_path_viz)
[14.460s] DEBUG:colcon.colcon_parallel_executor.executor.parallel:closing loop
[14.461s] DEBUG:colcon.colcon_parallel_executor.executor.parallel:loop closed
[14.461s] DEBUG:colcon.colcon_parallel_executor.executor.parallel:run_until_complete finished with '0'
[14.461s] DEBUG:colcon.colcon_core.event_reactor:joining thread
[14.620s] INFO:colcon.colcon_core.plugin_system:Skipping extension 'colcon_notification.desktop_notification.notify_send': Could not find 'notify-send'
[14.620s] INFO:colcon.colcon_core.plugin_system:Skipping extension 'colcon_notification.desktop_notification.terminal_notifier': Not used on non-Darwin systems
[14.620s] INFO:colcon.colcon_core.plugin_system:Skipping extension 'colcon_notification.desktop_notification.win32': Not used on non-Windows systems
[14.621s] INFO:colcon.colcon_notification.desktop_notification:Sending desktop notification using 'notify2'
[14.621s] DEBUG:colcon.colcon_notification.desktop_notification.notify2:Failed to initialize notify2: org.freedesktop.DBus.Error.FileNotFound: Failed to connect to socket /run/user/1000/bus: No such file or directory
[14.621s] DEBUG:colcon.colcon_core.event_reactor:joined thread
[14.622s] INFO:colcon.colcon_core.shell:Creating prefix script '/home/hmt/shortest_path_weighted/install/local_setup.ps1'
[14.662s] INFO:colcon.colcon_core.shell:Creating prefix util module '/home/hmt/shortest_path_weighted/install/_local_setup_util_ps1.py'
[14.669s] INFO:colcon.colcon_core.shell:Creating prefix chain script '/home/hmt/shortest_path_weighted/install/setup.ps1'
[14.673s] INFO:colcon.colcon_core.shell:Creating prefix script '/home/hmt/shortest_path_weighted/install/local_setup.sh'
[14.675s] INFO:colcon.colcon_core.shell:Creating prefix util module '/home/hmt/shortest_path_weighted/install/_local_setup_util_sh.py'
[14.676s] INFO:colcon.colcon_core.shell:Creating prefix chain script '/home/hmt/shortest_path_weighted/install/setup.sh'
[14.680s] INFO:colcon.colcon_core.shell:Creating prefix script '/home/hmt/shortest_path_weighted/install/local_setup.bash'
[14.683s] INFO:colcon.colcon_core.shell:Creating prefix chain script '/home/hmt/shortest_path_weighted/install/setup.bash'
[14.688s] INFO:colcon.colcon_core.shell:Creating prefix script '/home/hmt/shortest_path_weighted/install/local_setup.zsh'
[14.690s] INFO:colcon.colcon_core.shell:Creating prefix chain script '/home/hmt/shortest_path_weighted/install/setup.zsh'
