[0.063s] Invoking command in '/home/hmt/shortest_path_weighted/src/shortest_path_viz/build/shortest_path_viz': CMAKE_PREFIX_PATH=/home/hmt/shortest_path_weighted/install/shortest_path_viz:/home/hmt/shortest_path_weighted/src/shortest_path_viz/install/shortest_path_viz:/home/hmt/ros2_ws/install/distance_warning:/opt/ros/humble:/home/hmt/ros2_ws/install/distance_warning_interfaces /usr/bin/cmake --build /home/hmt/shortest_path_weighted/src/shortest_path_viz/build/shortest_path_viz -- -j8 -l8
[0.337s] [35m[1mConsolidate compiler generated dependencies of target shortest_path_visualizer[0m
[0.372s] [ 33%] [32mBuilding CXX object CMakeFiles/shortest_path_visualizer.dir/src/shortest_path_visualizer.cpp.o[0m
[13.641s] [ 66%] [32m[1mLinking CXX executable shortest_path_visualizer[0m
[14.450s] [100%] Built target shortest_path_visualizer
[14.472s] Invoked command in '/home/hmt/shortest_path_weighted/src/shortest_path_viz/build/shortest_path_viz' returned '0': CMAKE_PREFIX_PATH=/home/hmt/shortest_path_weighted/install/shortest_path_viz:/home/hmt/shortest_path_weighted/src/shortest_path_viz/install/shortest_path_viz:/home/hmt/ros2_ws/install/distance_warning:/opt/ros/humble:/home/hmt/ros2_ws/install/distance_warning_interfaces /usr/bin/cmake --build /home/hmt/shortest_path_weighted/src/shortest_path_viz/build/shortest_path_viz -- -j8 -l8
[14.493s] Invoking command in '/home/hmt/shortest_path_weighted/src/shortest_path_viz/build/shortest_path_viz': CMAKE_PREFIX_PATH=/home/hmt/shortest_path_weighted/install/shortest_path_viz:/home/hmt/shortest_path_weighted/src/shortest_path_viz/install/shortest_path_viz:/home/hmt/ros2_ws/install/distance_warning:/opt/ros/humble:/home/hmt/ros2_ws/install/distance_warning_interfaces /usr/bin/cmake --install /home/hmt/shortest_path_weighted/src/shortest_path_viz/build/shortest_path_viz
[14.509s] -- Install configuration: ""
[14.513s] -- Installing: /home/hmt/shortest_path_weighted/src/shortest_path_viz/install/shortest_path_viz/lib/shortest_path_viz/shortest_path_visualizer
[14.521s] -- Set runtime path of "/home/hmt/shortest_path_weighted/src/shortest_path_viz/install/shortest_path_viz/lib/shortest_path_viz/shortest_path_visualizer" to ""
[14.521s] -- Up-to-date: /home/hmt/shortest_path_weighted/src/shortest_path_viz/install/shortest_path_viz/share/shortest_path_viz//launch
[14.521s] -- Up-to-date: /home/hmt/shortest_path_weighted/src/shortest_path_viz/install/shortest_path_viz/share/shortest_path_viz//launch/__pycache__
[14.521s] -- Up-to-date: /home/hmt/shortest_path_weighted/src/shortest_path_viz/install/shortest_path_viz/share/shortest_path_viz//launch/__pycache__/visualize.launch.cpython-310.pyc
[14.521s] -- Up-to-date: /home/hmt/shortest_path_weighted/src/shortest_path_viz/install/shortest_path_viz/share/shortest_path_viz//launch/visualize.launch.py
[14.522s] -- Up-to-date: /home/hmt/shortest_path_weighted/src/shortest_path_viz/install/shortest_path_viz/share/shortest_path_viz//rviz
[14.522s] -- Up-to-date: /home/hmt/shortest_path_weighted/src/shortest_path_viz/install/shortest_path_viz/share/shortest_path_viz//rviz/shortest_path_viz.rviz
[14.522s] -- Up-to-date: /home/hmt/shortest_path_weighted/src/shortest_path_viz/install/shortest_path_viz/share/shortest_path_viz/models/
[14.522s] -- Up-to-date: /home/hmt/shortest_path_weighted/src/shortest_path_viz/install/shortest_path_viz/share/shortest_path_viz/models//asymmetric_complex.off
[14.522s] -- Up-to-date: /home/hmt/shortest_path_weighted/src/shortest_path_viz/install/shortest_path_viz/share/shortest_path_viz/models//pyramid.off
[14.522s] -- Up-to-date: /home/hmt/shortest_path_weighted/src/shortest_path_viz/install/shortest_path_viz/share/shortest_path_viz/models//torus.off
[14.522s] -- Up-to-date: /home/hmt/shortest_path_weighted/src/shortest_path_viz/install/shortest_path_viz/share/shortest_path_viz/models//extreme_asymmetric.off
[14.522s] -- Up-to-date: /home/hmt/shortest_path_weighted/src/shortest_path_viz/install/shortest_path_viz/share/shortest_path_viz/models//irregular_mesh.off
[14.523s] -- Up-to-date: /home/hmt/shortest_path_weighted/src/shortest_path_viz/install/shortest_path_viz/share/shortest_path_viz/models//cube.off
[14.523s] -- Up-to-date: /home/hmt/shortest_path_weighted/src/shortest_path_viz/install/shortest_path_viz/share/shortest_path_viz/models//icosahedron.off
[14.523s] -- Up-to-date: /home/hmt/shortest_path_weighted/src/shortest_path_viz/install/shortest_path_viz/share/ament_index/resource_index/package_run_dependencies/shortest_path_viz
[14.524s] -- Up-to-date: /home/hmt/shortest_path_weighted/src/shortest_path_viz/install/shortest_path_viz/share/ament_index/resource_index/parent_prefix_path/shortest_path_viz
[14.524s] -- Up-to-date: /home/hmt/shortest_path_weighted/src/shortest_path_viz/install/shortest_path_viz/share/shortest_path_viz/environment/ament_prefix_path.sh
[14.524s] -- Up-to-date: /home/hmt/shortest_path_weighted/src/shortest_path_viz/install/shortest_path_viz/share/shortest_path_viz/environment/ament_prefix_path.dsv
[14.524s] -- Up-to-date: /home/hmt/shortest_path_weighted/src/shortest_path_viz/install/shortest_path_viz/share/shortest_path_viz/environment/path.sh
[14.524s] -- Up-to-date: /home/hmt/shortest_path_weighted/src/shortest_path_viz/install/shortest_path_viz/share/shortest_path_viz/environment/path.dsv
[14.524s] -- Up-to-date: /home/hmt/shortest_path_weighted/src/shortest_path_viz/install/shortest_path_viz/share/shortest_path_viz/local_setup.bash
[14.524s] -- Up-to-date: /home/hmt/shortest_path_weighted/src/shortest_path_viz/install/shortest_path_viz/share/shortest_path_viz/local_setup.sh
[14.524s] -- Up-to-date: /home/hmt/shortest_path_weighted/src/shortest_path_viz/install/shortest_path_viz/share/shortest_path_viz/local_setup.zsh
[14.524s] -- Up-to-date: /home/hmt/shortest_path_weighted/src/shortest_path_viz/install/shortest_path_viz/share/shortest_path_viz/local_setup.dsv
[14.524s] -- Installing: /home/hmt/shortest_path_weighted/src/shortest_path_viz/install/shortest_path_viz/share/shortest_path_viz/package.dsv
[14.525s] -- Up-to-date: /home/hmt/shortest_path_weighted/src/shortest_path_viz/install/shortest_path_viz/share/ament_index/resource_index/packages/shortest_path_viz
[14.525s] -- Up-to-date: /home/hmt/shortest_path_weighted/src/shortest_path_viz/install/shortest_path_viz/share/shortest_path_viz/cmake/shortest_path_vizConfig.cmake
[14.525s] -- Up-to-date: /home/hmt/shortest_path_weighted/src/shortest_path_viz/install/shortest_path_viz/share/shortest_path_viz/cmake/shortest_path_vizConfig-version.cmake
[14.525s] -- Up-to-date: /home/hmt/shortest_path_weighted/src/shortest_path_viz/install/shortest_path_viz/share/shortest_path_viz/package.xml
[14.530s] Invoked command in '/home/hmt/shortest_path_weighted/src/shortest_path_viz/build/shortest_path_viz' returned '0': CMAKE_PREFIX_PATH=/home/hmt/shortest_path_weighted/install/shortest_path_viz:/home/hmt/shortest_path_weighted/src/shortest_path_viz/install/shortest_path_viz:/home/hmt/ros2_ws/install/distance_warning:/opt/ros/humble:/home/hmt/ros2_ws/install/distance_warning_interfaces /usr/bin/cmake --install /home/hmt/shortest_path_weighted/src/shortest_path_viz/build/shortest_path_viz
